Collecting django<1.9.0 (from -r ./requirements.conf (line 1))
  1 location(s) to search for versions of django:
  * https://pypi.python.org/simple/django/
  Getting page https://pypi.python.org/simple/django/
  Analyzing links from page https://pypi.python.org/simple/django/
    Found link https://pypi.python.org/packages/00/01/c29275c88671d5e4089388c54ecbd72ed64f8d472067f765e52f767d472a/Django-1.1.4.tar.gz#md5=e818668acc4de944f85e494ac80f1e7d (from https://pypi.python.org/simple/django/), version: 1.1.4
    Found link https://pypi.python.org/packages/01/d3/aa92215ab08064294337bcc51a141201e798a7dd80ca9fc1384397b717de/Django-1.6.4-py2.py3-none-any.whl#md5=8093262e13535869720d7100aed72fd6 (from https://pypi.python.org/simple/django/), version: 1.6.4
    Found link https://pypi.python.org/packages/02/50/b210dc6206e9c61a25a05acb76fc2f09101d9031ff0fb4d137f746e2e419/Django-1.10a1-py2.py3-none-any.whl#md5=2e29930f401031ecf33e36bfa4739245 (from https://pypi.python.org/simple/django/), version: 1.10a1
    Found link https://pypi.python.org/packages/02/79/4135356ed5f7266080fa6ca34015bc58eab25a0b0773eeaeb32a97422ef4/Django-1.2.4.tar.gz#md5=b0e67d3d6447f7eb1ce6392b9465a183 (from https://pypi.python.org/simple/django/), version: 1.2.4
    Found link https://pypi.python.org/packages/02/be/d10613977c37674ca3b7f6db7105fac9a104b7765ede4a2f1445fabc2873/Django-1.10b1.tar.gz#md5=c2f10b2d1453adc68e37132c3304317a (from https://pypi.python.org/simple/django/), version: 1.10b1
    Found link https://pypi.python.org/packages/03/17/5e30516ed4b18a4698d457349e17f42605a3786efbef87e45eaa592c033b/Django-1.9.1-py2.py3-none-any.whl#md5=fe01a2b006be4a4f1b17b43b9ee3ba4e (from https://pypi.python.org/simple/django/), version: 1.9.1
    Found link https://pypi.python.org/packages/03/25/f57cca579f5cc621501e69d73e7baa155f32203e13adf6f67fc322b37f06/Django-1.2.5.tar.gz#md5=e031ea3d00996035e49e4bfa86e07c40 (from https://pypi.python.org/simple/django/), version: 1.2.5
    Found link https://pypi.python.org/packages/0a/a9/4cc0b81cb74da397e0c6374322442f43e54da0af4da1e870b660c99ba58a/Django-1.8.1-py2.py3-none-any.whl#md5=0a16060bf7e3e9ad1354b3b5d9a6e6c4 (from https://pypi.python.org/simple/django/), version: 1.8.1
    Found link https://pypi.python.org/packages/0d/5b/d190b641cbf77e6eeebba93c75cf1a585d7275fa6c87450ecc1714eef93c/Django-1.5.tar.gz#md5=fac09e1e0f11bb83bb187d652a9be967 (from https://pypi.python.org/simple/django/), version: 1.5
    Found link https://pypi.python.org/packages/0d/f1/fe4cf23cea3322dd8883a0510538fe916ab2023c648997976798142603ff/Django-1.3.7.tar.gz#md5=f6720daa392d73d4df8847b41909fd43 (from https://pypi.python.org/simple/django/), version: 1.3.7
    Found link https://pypi.python.org/packages/0e/96/0e6b38a7d5dca4662fdeb23d021ce47df1fa388f8f34816ba3cbaed61ec6/Django-1.6.6.tar.gz#md5=d14fd332f31799fff39acc0c79e8421c (from https://pypi.python.org/simple/django/), version: 1.6.6
    Found link https://pypi.python.org/packages/11/6a/64ded77a5134cde391ddd6f034977c21e3024012f4599e8f643664eef394/Django-1.2.7.tar.gz#md5=902fe294a2f7b16e5e1dee42d458c2ba (from https://pypi.python.org/simple/django/), version: 1.2.7
    Found link https://pypi.python.org/packages/12/13/66eeba22d40f86d6cecc5a12784ae84b53f2ba171c448b1646ede25a99cd/Django-1.8.14-py2.py3-none-any.whl#md5=a7cc0445cd937d1f9e3c1a47c783af73 (from https://pypi.python.org/simple/django/), version: 1.8.14
    Found link https://pypi.python.org/packages/14/23/28d8dc369d13febf55b987aca848f8692ab7e0a70284139c045c940a65c4/Django-1.4.6.tar.gz#md5=5c222ba388f8729151f2fda6be20af90 (from https://pypi.python.org/simple/django/), version: 1.4.6
    Found link https://pypi.python.org/packages/14/84/d2bdc262c35fffa54f85399295018c51d02fa5f0929748a701a08a421c01/Django-1.4.7.tar.gz#md5=28da2e8111ff951adbfce0651f945326 (from https://pypi.python.org/simple/django/), version: 1.4.7
    Found link https://pypi.python.org/packages/17/a0/b4ba4aa5ec80c2c6b351e68d51d29b7b1cb71dc8bc663862e1ea6f5297ad/Django-1.4.20.tar.gz#md5=4a3710921fb51422c9083e52e012ca33 (from https://pypi.python.org/simple/django/), version: 1.4.20
    Found link https://pypi.python.org/packages/18/5c/3cd8989b2226c55a1faf66f1a110e76cba6e6ca5d9dd15fb469fb636f378/Django-1.10.tar.gz#md5=939e4d989b93a4e12e4ec5d98fcdb4f5 (from https://pypi.python.org/simple/django/), version: 1.10
    Found link https://pypi.python.org/packages/18/c0/fba52cb5af8aa21d2c438ad4067a7c088f74931577c447b49642fc4a65a2/Django-1.4.3.tar.gz#md5=0b134c44b6dc8eb36822677ef506c9ab (from https://pypi.python.org/simple/django/), version: 1.4.3
    Found link https://pypi.python.org/packages/19/a1/569de723efc22ea15498c34112cd00025c3277c131298bb8a1e9d3e6071a/Django-1.2.6.tar.gz#md5=bff9fc7d871c0b5e6ce1a7babd16847b (from https://pypi.python.org/simple/django/), version: 1.2.6
    Found link https://pypi.python.org/packages/1c/1c/02308e66ee4ce3ad5a2b8f1e7b538b8a8637e0b48e0ad905bfc4105ee585/Django-1.8.8.tar.gz#md5=08ecf83b7e9d064ed7e3981ddc3a8a15 (from https://pypi.python.org/simple/django/), version: 1.8.8
    Found link https://pypi.python.org/packages/1e/01/e985b325b49ab53b4bad6e22ae7959474b34a8053eb6846f28286a4611fd/Django-1.6.8-py2.py3-none-any.whl#md5=1cb695150210433200929623f800edcb (from https://pypi.python.org/simple/django/), version: 1.6.8
    Found link https://pypi.python.org/packages/21/78/0c2958697c30b35de1ac691f9002c486da052e3fc64b4cf60a9d28ef1d51/Django-1.6.2.tar.gz#md5=45d974c623b3bfbf9976f3d808fe1ee9 (from https://pypi.python.org/simple/django/), version: 1.6.2
    Found link https://pypi.python.org/packages/21/c0/3c13bd233cb65932ec8f7d25ebc2942c40fa5c424f33314ac35839d50631/Django-1.9.9.tar.gz#md5=af2e5f02b72400ddaef7f923a7fda6a9 (from https://pypi.python.org/simple/django/), version: 1.9.9
    Found link https://pypi.python.org/packages/22/08/904238c9c53654ff92024424ed545755873b127d73fe6393fa8ff0433815/Django-1.8.13-py2.py3-none-any.whl#md5=da9f8cec98670fc2e22b54b6b95ddee9 (from https://pypi.python.org/simple/django/), version: 1.8.13
    Found link https://pypi.python.org/packages/23/73/c0440d75121e69292115dd9d5e9f547113a86b73309652700b02fcb13d08/Django-1.7.10-py2.py3-none-any.whl#md5=ba5adcf08d8b60bf82284a09a4d384a3 (from https://pypi.python.org/simple/django/), version: 1.7.10
    Found link https://pypi.python.org/packages/26/49/c51f94a3940b3dee47f5a4a423fe50df7b9120bccda424f092269c083898/Django-1.9.2-py2.py3-none-any.whl#md5=72317fd693fe1c95b6192d25d8fcd323 (from https://pypi.python.org/simple/django/), version: 1.9.2
    Found link https://pypi.python.org/packages/30/d6/acf4ab0a1e0d4409533853c6b2b008d44b38b8bbae367cc3b1838b49299f/Django-1.8.8-py2.py3-none-any.whl#md5=97334c82efbac0f93f8b6dd4ee4b516f (from https://pypi.python.org/simple/django/), version: 1.8.8
    Found link https://pypi.python.org/packages/31/6d/853c0006643daedfd4d1bd15ad3afcf3311ee3c0c55bc19572ae1cec52d5/Django-1.9.3.tar.gz#md5=4751d0ebf323083e74b38b02bbbe5b29 (from https://pypi.python.org/simple/django/), version: 1.9.3
    Found link https://pypi.python.org/packages/32/0b/a54e4d4922545b0deb6808d4af0bb78010c0ca4d3109608ce6675f4f0ea1/Django-1.10rc1.tar.gz#md5=daf478a2459e54ba28e5ec600d669960 (from https://pypi.python.org/simple/django/), version: 1.10rc1
    Found link https://pypi.python.org/packages/32/28/3e17392530e8bc38db501a9d85d2013e260657a785fc0b568f2c1bcf2a9e/Django-1.7.2.tar.gz#md5=855a53a9a5581c62b6031c9b3bd80ec5 (from https://pypi.python.org/simple/django/), version: 1.7.2
    Found link https://pypi.python.org/packages/36/13/87a668592e133d402ac6f9d07da7fea82e8b217e350a70c7ff53408cd93f/Django-1.9.4-py2.py3-none-any.whl#md5=89481f08178f7d28a943fea1bd41de44 (from https://pypi.python.org/simple/django/), version: 1.9.4
    Found link https://pypi.python.org/packages/38/29/044333b3caf5ff1d2394b0e6c6d87df79973f5652ab7deddc46c7eb9d935/Django-1.4.13.tar.gz#md5=9e28e33680f28b027ad67a026a785ea5 (from https://pypi.python.org/simple/django/), version: 1.4.13
    Found link https://pypi.python.org/packages/38/49/93511c5d3367b6b21fc2995a0e53399721afc15e4cd6eb57be879ae13ad4/Django-1.5.5.tar.gz#md5=e33355ee4bb2cbb4ab3954d3dff5eddd (from https://pypi.python.org/simple/django/), version: 1.5.5
    Found link https://pypi.python.org/packages/3b/0c/8dc093164d96dcbeb70a4d83e69655b3bec22599828e530f921f53aba08b/Django-1.9.5.tar.gz#md5=419835cef8d42a1a0a3fd6e1eaa24475 (from https://pypi.python.org/simple/django/), version: 1.9.5
    Found link https://pypi.python.org/packages/3b/3b/f98695d298c983c37aa5153014acca0d3714bbc08ce6f55cffa4b00b6fb4/Django-1.2.3.tar.gz#md5=10bfb5831bcb4d3b1e6298d0e41d6603 (from https://pypi.python.org/simple/django/), version: 1.2.3
    Found link https://pypi.python.org/packages/3f/92/701cc1c7d209c830375b884a657ec0c9777f1bed1b5b241f4b70f95e2d55/Django-1.9.6.tar.gz#md5=07d9b3883198caa847b917c94b665452 (from https://pypi.python.org/simple/django/), version: 1.9.6
    Found link https://pypi.python.org/packages/42/fe/e0e7d13a0cb47f0af9f36e2523438d85b8d30ed640b72ace2629bd75b181/Django-1.8.1.tar.gz#md5=0f0a677a2cd56b9ab7ccb1c562d70f53 (from https://pypi.python.org/simple/django/), version: 1.8.1
    Found link https://pypi.python.org/packages/43/6c/7fffbe73fe5703125aa1c9e3279ad3a5e542128ee55a4aa83669db1985cd/Django-1.6.5-py2.py3-none-any.whl#md5=2bcdb4729f9f358b0925b532eef0a8ff (from https://pypi.python.org/simple/django/), version: 1.6.5
    Found link https://pypi.python.org/packages/46/7f/cead60a10b0208451c42e80db2cc90564cf810148ee46631699ec691cbea/Django-1.4.22.tar.gz#md5=12dc09e5909ce4da93a9d4338db0a43d (from https://pypi.python.org/simple/django/), version: 1.4.22
    Found link https://pypi.python.org/packages/46/e4/c21618dd809bb31c7a78cb93b66294c38275baed7c9c84a55692ef16274a/Django-1.9.9-py2.py3-none-any.whl#md5=22a7b6ebd216b3bfe2f7c25525ecd444 (from https://pypi.python.org/simple/django/), version: 1.9.9
    Found link https://pypi.python.org/packages/47/1c/c18fbec3ea87bfa23808fb6527e1a48e5bf59db1ff24ff7d8d6cb0a2bccb/Django-1.6.tar.gz#md5=65db1bc313124c3754c89073942e38a8 (from https://pypi.python.org/simple/django/), version: 1.6
    Found link https://pypi.python.org/packages/49/57/e57dc454702a565815160fec24cff7a833331c6b603afb6e30f2102ca29c/Django-1.7.3.tar.gz#md5=ea9a3fe7eca2280b233938a98c4a35a0 (from https://pypi.python.org/simple/django/), version: 1.7.3
    Found link https://pypi.python.org/packages/4a/6f/bd944fae447c329a9c316966e2736cda68f5319bd0dba34e4cb92c695457/Django-1.6.3-py2.py3-none-any.whl#md5=e5937a962ce1298ac67d1aa7484883a6 (from https://pypi.python.org/simple/django/), version: 1.6.3
    Found link https://pypi.python.org/packages/4b/4c/059f68d8f029f7054e4e6bb0b1ed2fde7f28d07a3727325727d5a95ae1b8/Django-1.10-py2.py3-none-any.whl#md5=36e17cd1a0255258e1dec1bbb8808040 (from https://pypi.python.org/simple/django/), version: 1.10
    Found link https://pypi.python.org/packages/4d/25/af35d7a8b623edeac79cbc2fd24b8496eb2f063542e2905f0c564a052303/Django-1.9.1.tar.gz#md5=02754aa2d5c9c171dfc3f9422b20e12c (from https://pypi.python.org/simple/django/), version: 1.9.1
    Found link https://pypi.python.org/packages/4d/67/af6637a50da0a9aee3c032b7333c670734ecc0df6f7c7562fd8b3fdcac22/Django-1.8.10-py2.py3-none-any.whl#md5=589ccb8fe8d75c1c0472473f7c11be5b (from https://pypi.python.org/simple/django/), version: 1.8.10
    Found link https://pypi.python.org/packages/4d/b9/b972b87a27330e6647abb9766c1d32e5726430cfcc60b2b9c2f2d0e28bcb/Django-1.7.3-py2.py3-none-any.whl#md5=bd24beec81e161d30ad925aef9d23e57 (from https://pypi.python.org/simple/django/), version: 1.7.3
    Found link https://pypi.python.org/packages/4d/dc/7b29fa98915a25a443eb5091aff1a0ef007d27c9848365a1fd0a108b5f39/Django-1.7.5-py2.py3-none-any.whl#md5=d6b529414f3093c848a69996979a1bea (from https://pypi.python.org/simple/django/), version: 1.7.5
    Found link https://pypi.python.org/packages/4e/1a/06610645c7be99f342b10d9aa29bf833800778532cc1738406e1805322c1/Django-1.6.1.tar.gz#md5=3ea7a00ea9e7a014e8a4067dd6466a1b (from https://pypi.python.org/simple/django/), version: 1.6.1
    Found link https://pypi.python.org/packages/4e/1c/17a429cfb79c1814d1ec31939fc5cf4a8ac68fe934279e095fb6160123a9/Django-1.8-py2.py3-none-any.whl#md5=6f3df764d5826f922eab2d8131c81e60 (from https://pypi.python.org/simple/django/), version: 1.8
    Found link https://pypi.python.org/packages/4e/9d/2a1835ccbf8e1f0d6755d0e938ffd855f23886d055a7a18cc00a5224a99b/Django-1.8.2-py2.py3-none-any.whl#md5=ef4e1c047ec900ae321126b22c7659f2 (from https://pypi.python.org/simple/django/), version: 1.8.2
    Found link https://pypi.python.org/packages/4f/a5/0fb863c3b83f8a15b50731d02d835cb15fef93193c7cbbaacbb2b6adf1e0/Django-1.8.14.tar.gz#md5=e275863f0d629831d99c58be1a7ed268 (from https://pypi.python.org/simple/django/), version: 1.8.14
    Found link https://pypi.python.org/packages/50/23/d05af45d01732968bef5af7d823835e8e4cbc01f687b345b276d124e3025/Django-1.3.5.tar.gz#md5=ec0ae9edb2ed6f9ffa65007110232637 (from https://pypi.python.org/simple/django/), version: 1.3.5
    Found link https://pypi.python.org/packages/50/76/aeb1bdde528b23e76df5964003e3e4e734c57c74e7358c3b2224987617dd/Django-1.9.7.tar.gz#md5=7de9ba83bfe01f4b7d45645c1b259c83 (from https://pypi.python.org/simple/django/), version: 1.9.7
    Found link https://pypi.python.org/packages/52/52/a0454fb9a5d0b4c866e5ab917484b7e3e79f0ae9fbbc1639835a78186df1/Django-1.8.10.tar.gz#md5=8be1858dfee4878768ce686165e29c89 (from https://pypi.python.org/simple/django/), version: 1.8.10
    Found link https://pypi.python.org/packages/53/2a/cca393c0d65813f9f8e4d41e4a4d7d64fe8a6bd6dd7276583e2b6653af61/Django-1.7.11.tar.gz#md5=030b2f9c99a6e4e0418eadf7dba9e235 (from https://pypi.python.org/simple/django/), version: 1.7.11
    Found link https://pypi.python.org/packages/53/c4/28cc8a55aa9bf9579bd496f88505f3a14ff0ed4b1c6954a8ba5ce649a685/Django-1.6.1-py2.py3-none-any.whl#md5=c7b7a4437b36400f1c23953e9700fd29 (from https://pypi.python.org/simple/django/), version: 1.6.1
    Found link https://pypi.python.org/packages/56/13/32b4ad8b2bc3b9d820467dc30d28a53823314bcfcdfff55c0218dd4e5b08/Django-1.5.7.tar.gz#md5=a2c127e85a34c2eb6c74db4f7e02d4e4 (from https://pypi.python.org/simple/django/), version: 1.5.7
    Found link https://pypi.python.org/packages/59/7c/c02441c384e2287b8398e85a8cb25a9b2602e4b05d699e8e64c7b982a64c/Django-1.4.8.tar.gz#md5=7075e08ef06155e07002189b837cde85 (from https://pypi.python.org/simple/django/), version: 1.4.8
    Found link https://pypi.python.org/packages/5c/50/f3eb71c2eee5abbfa4f9368ac0ccdf4d58dcc1d391d60cf9d8eb7070d52d/Django-1.6.10-py2.py3-none-any.whl#md5=f83dcaec9e3b7d956a4d29e9401b0b97 (from https://pypi.python.org/simple/django/), version: 1.6.10
    Found link https://pypi.python.org/packages/5e/44/879326efd8368a96ecde95500ac02e1421697b3c856d1365ecd03464b9d7/Django-1.4.5.tar.gz#md5=851d00905eb70e4aa6384b3b8b111fb7 (from https://pypi.python.org/simple/django/), version: 1.4.5
    Found link https://pypi.python.org/packages/61/52/2e39a916cb6697fa89cc9143134ec9ef470f4014a16d432044334b7204ff/Django-1.7.7.tar.gz#md5=a62d6598966947d150525ad2ab20fb0c (from https://pypi.python.org/simple/django/), version: 1.7.7
    Found link https://pypi.python.org/packages/61/df/714f75a6e8172821ee5c541a6fcff7e0f5abfe1a357821c11a859e9f86e0/Django-1.9rc1.tar.gz#md5=b971686521ea09b4bf82aec3e794fcbc (from https://pypi.python.org/simple/django/), version: 1.9rc1
    Found link https://pypi.python.org/packages/66/f4/e695878103eb7371e1077374e09dec23ce95302f2e55d7b1ad908613cac9/Django-1.6.2-py2.py3-none-any.whl#md5=3bd014923e85df771b34d12c0ab3c9e1 (from https://pypi.python.org/simple/django/), version: 1.6.2
    Found link https://pypi.python.org/packages/67/36/0d8dcae06869a84e07106332a5b0ebd6c7b759d4b66ffe75585581d48866/Django-1.9b1-py2.py3-none-any.whl#md5=d3109c26215da8ec7ece0b37c06692c5 (from https://pypi.python.org/simple/django/), version: 1.9b1
    Found link https://pypi.python.org/packages/68/06/d854d6b1b3ad307571860cc6b1a65ed01325cc7702efdce514695dd6b8af/Django-1.8c1-py2.py3-none-any.whl#md5=6288c878e8d643033026f50f456cb05c (from https://pypi.python.org/simple/django/), version: 1.8c1
    Found link https://pypi.python.org/packages/68/58/a3bf326b57234bbfceb4a84bdddc65d0bedc805b229858503b23faeefc5c/Django-1.4.17.tar.gz#md5=8dd1133b718ce23a0eed3df20d6619c2 (from https://pypi.python.org/simple/django/), version: 1.4.17
    Found link https://pypi.python.org/packages/69/1a/a47b2efd22bf642d19d3dde71f82b29c5608bb96e140a38208bf813f9c3b/Django-1.6.11.tar.gz#md5=3bf6086c3b923876d283dc3404e32fdd (from https://pypi.python.org/simple/django/), version: 1.6.11
    Found link https://pypi.python.org/packages/69/cc/9aa13faa16849cdf0b27e5ad9b1a9f82d1c1136c88382f24fe07b4290e35/Django-1.8.5-py2.py3-none-any.whl#md5=3c182cf9de00382ecf27fdc65fcfbe70 (from https://pypi.python.org/simple/django/), version: 1.8.5
    Found link https://pypi.python.org/packages/6e/10/208551440e06dee3c6d2cdb36d73b586bfb0ae50a6f91127f1e1492dfb99/Django-1.9.5-py2.py3-none-any.whl#md5=849713c2687bbd5739e3cbf738af1a71 (from https://pypi.python.org/simple/django/), version: 1.9.5
    Found link https://pypi.python.org/packages/71/58/1482ebcd3ac40c6f5a8d0d2504c62323e3ebb94b6775d62011b73178d796/Django-1.6.4.tar.gz#md5=0d23bf836d3a52d93aee9411eccaa609 (from https://pypi.python.org/simple/django/), version: 1.6.4
    Found link https://pypi.python.org/packages/74/05/6af26eccffa61427ebf44975046369f8c95b21c419ad6ca98308db26e1af/Django-1.4.11.tar.gz#md5=9cd5913b038ebc9582903b2fccbbb54b (from https://pypi.python.org/simple/django/), version: 1.4.11
    Found link https://pypi.python.org/packages/76/d4/a489819b66706406c07819844bae3f7d9613104c1581af2a4ef567e67c48/Django-1.8b1-py2.py3-none-any.whl#md5=5239ff2f5a6901e1222b03d45d9c8936 (from https://pypi.python.org/simple/django/), version: 1.8b1
    Found link https://pypi.python.org/packages/79/a2/988b57157526dcbdf78501c68ba6409b7863381a6cc6bc06424e07e134a2/Django-1.10rc1-py2.py3-none-any.whl#md5=c951d6a11587d5e9f2b5e0a5cca96915 (from https://pypi.python.org/simple/django/), version: 1.10rc1
    Found link https://pypi.python.org/packages/79/fa/6f02aa9b46f12701d21ed3cfdd40e7bc40724405ba29ad690cb5b96c85b6/Django-1.4.14.tar.gz#md5=80dc1b9866487afc2ab3f774e29181bc (from https://pypi.python.org/simple/django/), version: 1.4.14
    Found link https://pypi.python.org/packages/7a/cd/d862e13993e6bdf0915b1b39eee5df7949c5071caa2dff9d0d3e454e019c/Django-1.4.15.tar.gz#md5=84837da82df11d0e04b7458af8777dc0 (from https://pypi.python.org/simple/django/), version: 1.4.15
    Found link https://pypi.python.org/packages/7b/a8/e4ffd9cc175c0b6b41cc33463449e6515eff28a27f7102818e24d9fd2517/Django-1.5.12.tar.gz#md5=0e0b48cd0bb59cbc5499dcbb4fe1fb90 (from https://pypi.python.org/simple/django/), version: 1.5.12
    Found link https://pypi.python.org/packages/7e/8d/505c0673f65d5aec80012d27ba7924054b665ff88e2babab93e1e7c77663/Django-1.8.tar.gz#md5=9a811faf67ca0f3e0d43e670a1cc503d (from https://pypi.python.org/simple/django/), version: 1.8
    Found link https://pypi.python.org/packages/7e/c3/2574a681af30d99b8fd60008c3e56f4ab0acad2af70fea6c135b8bff60a2/Django-1.8.4-py2.py3-none-any.whl#md5=3a586ed7da0715ea65ec94a9b1ff2d87 (from https://pypi.python.org/simple/django/), version: 1.8.4
    Found link https://pypi.python.org/packages/7f/a6/4ab15169e9075635c0a64bb0a569d1e02c7bd9b5ba839f05fe5d1fbbe3fb/Django-1.9.2.tar.gz#md5=ee90280973d435a1a6aa01b453b50cd1 (from https://pypi.python.org/simple/django/), version: 1.9.2
    Found link https://pypi.python.org/packages/7f/c3/7a38a4985447e2812c99e66501abf09c6edd55ccfe070bbc82a58054dd1e/Django-1.5.1.tar.gz#md5=7465f6383264ba167a9a031d6b058bff (from https://pypi.python.org/simple/django/), version: 1.5.1
    Found link https://pypi.python.org/packages/80/86/f52eec28e96fb211122424a3db696e7676ad3555c11027afd9fee9bb0d23/Django-1.6.11-py2.py3-none-any.whl#md5=e43d8c4147a821205b554aebc1da62d5 (from https://pypi.python.org/simple/django/), version: 1.6.11
    Found link https://pypi.python.org/packages/81/4c/becfb2589793a5052528ced88863427f1d8b09600bcefd6dd52c7eda29bf/Django-1.5.11.tar.gz#md5=6e88cab476e5149812accc143d313a22 (from https://pypi.python.org/simple/django/), version: 1.5.11
    Found link https://pypi.python.org/packages/82/b3/22f00becd75d181db40af8fac2f19add8e4fce441892b39d1245e572c77d/Django-1.4.18.tar.gz#md5=d82b2219052bb47ba0838c2ebd3832ae (from https://pypi.python.org/simple/django/), version: 1.4.18
    Found link https://pypi.python.org/packages/85/0e/0200c2c3792a4fb8bda6a8597d267abaeb00d862e3a110f99cb101398d4d/Django-1.8.13.tar.gz#md5=a77e1ba9991f762de20bf03de57e39eb (from https://pypi.python.org/simple/django/), version: 1.8.13
    Found link https://pypi.python.org/packages/87/12/01d937731539a729cb82ecec6763f0f893782287a66ca5768c44b507a2e7/Django-1.7.8-py2.py3-none-any.whl#md5=709db47978acf982f87f73035e9f87a9 (from https://pypi.python.org/simple/django/), version: 1.7.8
    Found link https://pypi.python.org/packages/8a/28/b99f0e8977b7227fffc43aeefe87d7561dec06cc6bdc586f4c97ec60c853/Django-1.5.8-py2.py3-none-any.whl#md5=1e3418bd1d6f9725a3d1264c9352f2a1 (from https://pypi.python.org/simple/django/), version: 1.5.8
    Found link https://pypi.python.org/packages/8c/3d/f57d35c5fe63e298fe33f9c5fea5b3920385f6fc5b562ae6e3b9eff7a0ef/Django-1.5.2.tar.gz#md5=26e83e6394a15a86212777d5f61eae86 (from https://pypi.python.org/simple/django/), version: 1.5.2
    Found link https://pypi.python.org/packages/8c/a3/9876f73205ed8e1a2e345245e7e66fc02a056f29503590eca392fcb3e7c0/Django-1.7.1.tar.gz#md5=81dae89f21647b9aa5c46c6b7dbfa349 (from https://pypi.python.org/simple/django/), version: 1.7.1
    Found link https://pypi.python.org/packages/8e/38/9e47ac747026608f284813ee41d49f0b1770bb78ca75aefb2fb268abe16f/Django-1.6.8.tar.gz#md5=b00f9f73535db7c9ce52a6f707d61ab6 (from https://pypi.python.org/simple/django/), version: 1.6.8
    Found link https://pypi.python.org/packages/8e/d7/c31ff2b5564090955c9c67aa41c7d920f31a3fac019205747835b89dc5bd/Django-1.2.tar.gz#md5=98fa833fdabcdd78d00245aead66c174 (from https://pypi.python.org/simple/django/), version: 1.2
    Found link https://pypi.python.org/packages/8f/1f/74aa91b56dea5847b62e11ce6737db82c6446561bddc20ca80fa5df025cc/Django-1.1.3.tar.gz#md5=52848c23dbc120fe0b2a8e7189b20306 (from https://pypi.python.org/simple/django/), version: 1.1.3
    Found link https://pypi.python.org/packages/92/41/46db17c36b6eaab3dbf600f094b2e3643f96c78d2cfcbeb4fe97d27ce03e/Django-1.8.11.tar.gz#md5=1c85d0d582dc211adc6851dd2dc86228 (from https://pypi.python.org/simple/django/), version: 1.8.11
    Found link https://pypi.python.org/packages/92/e7/95566ef630009a2b21fb1f0815287aa291be8756eb822f6f29a80cdd6084/Django-1.8a1-py2.py3-none-any.whl#md5=f7619792a8d8028c5be10f7d06a444ca (from https://pypi.python.org/simple/django/), version: 1.8a1
    Found link https://pypi.python.org/packages/95/32/da1aaef056d4652aa6a43d60647b55488aaaa14aa36515fceb52836cd571/Django-1.5.3.tar.gz#md5=1581e28b4aeb269c34a9b0417e103aaa (from https://pypi.python.org/simple/django/), version: 1.5.3
    Found link https://pypi.python.org/packages/99/5a/abac765a76d384fe31d5378bb697c8e8fd1742283790c47107692d1b0f0a/Django-1.4.16.tar.gz#md5=132d088d9e2cbcf43a661a9f05d6e63a (from https://pypi.python.org/simple/django/), version: 1.4.16
    Found link https://pypi.python.org/packages/9a/f8/2a7b9922817be07d53c664a7702fab70e99899466b5956131a70c08606b6/Django-1.4.tar.gz#md5=ba8e86198a93c196015df0b363ab1109 (from https://pypi.python.org/simple/django/), version: 1.4
    Found link https://pypi.python.org/packages/9e/51/e6059dba3f8fa2adbcb05ba3271e68182c81210055666abd6a01e15ff515/Django-1.6.7-py2.py3-none-any.whl#md5=72a2df8d67a976208420eec2fe2129fe (from https://pypi.python.org/simple/django/), version: 1.6.7
    Found link https://pypi.python.org/packages/9e/a9/a49cfb89bbec60c7720435795c96d315703f1bd0a2fc5b88a9a322534436/Django-1.6.3.tar.gz#md5=727fec03f15db8f80a7231696b79adf7 (from https://pypi.python.org/simple/django/), version: 1.6.3
    Found link https://pypi.python.org/packages/9e/c8/19c7a7e76d9777366af0de6db934780b2d276a23054aa8109a661689f09c/Django-1.6.6-py2.py3-none-any.whl#md5=74ffe011439efffcefbda6fac294c6f6 (from https://pypi.python.org/simple/django/), version: 1.6.6
    Found link https://pypi.python.org/packages/9e/ed/40a000533fd6e5147f326203163650bff9cd4e4432c5664a9799b95bddd1/Django-1.8.3.tar.gz#md5=31760322115c3ae51fbd8ac85c9ac428 (from https://pypi.python.org/simple/django/), version: 1.8.3
    Found link https://pypi.python.org/packages/a0/cd/e0ebeb3752bf14f0b21cc3e16223dbfe88f26a7c582dc63346fa2ce6bc3b/Django-1.3.1.tar.gz#md5=62d8642fd06b9a0bf8544178f8500767 (from https://pypi.python.org/simple/django/), version: 1.3.1
    Found link https://pypi.python.org/packages/a0/ea/8ea5e891fe5c6a7e9dd0da9449bbe680cc43d21a78f9a62132b8cfdf690f/Django-1.5.8.tar.gz#md5=675fc736e2c29090f005e217ccf90b5b (from https://pypi.python.org/simple/django/), version: 1.5.8
    Found link https://pypi.python.org/packages/a3/5f/6af1cd40fe029e3502c621ee51a504c2636bde68419385a5f5ff8d24a62e/Django-1.3.2.tar.gz#md5=b8409b8f061e6c7a7dcfbb24403cb863 (from https://pypi.python.org/simple/django/), version: 1.3.2
    Found link https://pypi.python.org/packages/a3/e1/0f3c17b1caa559ba69513ff72e250377c268d5bd3e8ad2b22809c7e2e907/Django-1.8.3-py2.py3-none-any.whl#md5=a5d397c65a880228c58a443070cc18a8 (from https://pypi.python.org/simple/django/), version: 1.8.3
    Found link https://pypi.python.org/packages/a4/8c/82cfd400e620cedc36ac5677d4c1fdebea688a4b3f5193e45b8ff15169ce/Django-1.8.9.tar.gz#md5=49f6863b1c83825fb2f473c141c28e15 (from https://pypi.python.org/simple/django/), version: 1.8.9
    Found link https://pypi.python.org/packages/a7/a2/f4e7926062f5c61d98e87b9d0365ca1a0fab6be599dbea90ce2fab27f395/Django-1.8.9-py2.py3-none-any.whl#md5=24fa1e0a2aa82d9e2ebe23c8729fe306 (from https://pypi.python.org/simple/django/), version: 1.8.9
    Found link https://pypi.python.org/packages/a7/c3/bc93caca99846c73bb76a555f84788bdb3f9b1bb622e2bffcf1aa61f36e1/Django-1.3.3.tar.gz#md5=cbdd86f553b26459352e26ae643fd7c1 (from https://pypi.python.org/simple/django/), version: 1.3.3
    Found link https://pypi.python.org/packages/aa/c8/227d39d4014cdc999a480d341ee2119a74ecc5192d6ce91883e6661d51d4/Django-1.8.7-py2.py3-none-any.whl#md5=b0ad232d645c0183de89fae29d12ce4e (from https://pypi.python.org/simple/django/), version: 1.8.7
    Found link https://pypi.python.org/packages/ab/d6/97affc9b5435234b906009ad11f6ca6e9c10d6c17752a25e82a92f44acca/Django-1.8b2-py2.py3-none-any.whl#md5=f585d674396cde011b9cf5878ba0852f (from https://pypi.python.org/simple/django/), version: 1.8b2
    Found link https://pypi.python.org/packages/ab/f7/974021fdfd71a419526704e404447aaf3b0f303a6cdfde87478a09dd3a49/Django-1.2.1.tar.gz#md5=2351efb20f6b7b5d9ce80fa4cb1bd9ca (from https://pypi.python.org/simple/django/), version: 1.2.1
    Found link https://pypi.python.org/packages/ad/39/62b220a0efda308abeccb66653b8b950c6d1c51c673bd7978fc13f53eaf5/Django-1.5.2-py2.py3-none-any.whl#md5=07f0d2d42162945d0ad031fc9737847d (from https://pypi.python.org/simple/django/), version: 1.5.2
    Found link https://pypi.python.org/packages/ae/28/93c30b241a468ebb895ecbc01f45ac1fa42bb04f30d33338696ceb2f22b1/Django-1.4.12.tar.gz#md5=9dc17c3f5409f9a4e662b5550e1c6505 (from https://pypi.python.org/simple/django/), version: 1.4.12
    Found link https://pypi.python.org/packages/ae/98/3b27e0a3c53ec0d6727eb19da46eed5705fa9250ed28ec0d1df48778c401/Django-1.10a1.tar.gz#md5=25f3210c15f3bf9bb7e4c33adfbcb952 (from https://pypi.python.org/simple/django/), version: 1.10a1
    Found link https://pypi.python.org/packages/af/f4/9ff951020928ce0e0acbf61543d9d9ab2de32050639be3b70a0f9e3d7091/Django-1.4.19.tar.gz#md5=8ebda674e81c3886a67eecc72e3f62df (from https://pypi.python.org/simple/django/), version: 1.4.19
    Found link https://pypi.python.org/packages/b0/9b/fbe58870d98321b08043cae62b6062552c5dc7515a2b43958c7330090ef3/Django-1.9.4.tar.gz#md5=e8d389532e248174a9859f2987be6a04 (from https://pypi.python.org/simple/django/), version: 1.9.4
    Found link https://pypi.python.org/packages/b0/ab/25aba75284beae715089a808b27f0fcf23f818f5216c6f186e55f0ec9774/Django-1.4.4.tar.gz#md5=833f531479948201f0f0a3b5b5972565 (from https://pypi.python.org/simple/django/), version: 1.4.4
    Found link https://pypi.python.org/packages/b1/24/e169968d525c4d5ce20c85cb3a6c094543cbc109aa270dcac0759c6a644f/Django-1.8.6.tar.gz#md5=12ba7b57a1f5268f6e8ba555628c0657 (from https://pypi.python.org/simple/django/), version: 1.8.6
    Found link https://pypi.python.org/packages/b1/8c/57e58359f201c8b3b46706bf06a5cef32d0a8176cf287f45ad7b2eb10891/Django-1.7.10.tar.gz#md5=90315a9bec9b073a91beeb3f60994600 (from https://pypi.python.org/simple/django/), version: 1.7.10
    Found link https://pypi.python.org/packages/b2/a8/96ffe1a3755e4d7763f014dda866077697ee949a63ac7980c4432b77aa8a/Django-1.7.8.tar.gz#md5=ceed714b0d69983da2b585ff4f82c4a8 (from https://pypi.python.org/simple/django/), version: 1.7.8
    Found link https://pypi.python.org/packages/b2/e5/78f1e96e8d3ae38cd9b3a4690a448a4716be73f5f5408d9f0da84576e36e/Django-1.5.6.tar.gz#md5=b46fe29c7d26310d19aec6d8666f08c6 (from https://pypi.python.org/simple/django/), version: 1.5.6
    Found link https://pypi.python.org/packages/b2/ef/d37cd67c9eccd7329ce421382f517bb6f9a431ded3c6fd60cba8c966712a/Django-1.5.4.tar.gz#md5=b2685469bb4d1fbb091316e21f4108de (from https://pypi.python.org/simple/django/), version: 1.5.4
    Found link https://pypi.python.org/packages/b3/c0/1ee1c6a2e3ebf6c98fd401e2a039e515308595ddff7525357eeadafb4cb3/Django-1.8.2.tar.gz#md5=ec4330cd275dd6ce64230feebcb449c4 (from https://pypi.python.org/simple/django/), version: 1.8.2
    Found link https://pypi.python.org/packages/b5/6b/810aad2c715fa19ffcf30b592cc90b931152268e59c3c526563be0b462e0/Django-1.7.7-py2.py3-none-any.whl#md5=52919e0b00a228535a3c4b5a72ac5df5 (from https://pypi.python.org/simple/django/), version: 1.7.7
    Found link https://pypi.python.org/packages/b8/af/e0378ae58310dae25155f136c1addad211860f156aa82ed8bc5728cb8e1e/Django-1.9rc2-py2.py3-none-any.whl#md5=9bf8fba95db2ad30018f50cb42304d54 (from https://pypi.python.org/simple/django/), version: 1.9rc2
    Found link https://pypi.python.org/packages/b8/c2/e162862650c30999ab39e05c7b12794d3f80e6b5a99c786419eddbb28fa3/Django-1.8.11-py2.py3-none-any.whl#md5=7d8f0eeb83c497a9d6a4820bfe8f0d36 (from https://pypi.python.org/simple/django/), version: 1.8.11
    Found link https://pypi.python.org/packages/ba/d1/523aed5b49f94be8c526fc1fdbffe2edac0bf0579e14d1fc34a5c7c3f0a4/Django-1.4.10.tar.gz#md5=d324aecc37ce5430f548653b8b1509b6 (from https://pypi.python.org/simple/django/), version: 1.4.10
    Found link https://pypi.python.org/packages/bb/e3/97cfd29ab86059c1df12a5a2593d214d52b9c22f6f40e2f0dc891b1899fe/Django-1.7.2-py2.py3-none-any.whl#md5=b57f9a2dec214b60e338aa80fb902936 (from https://pypi.python.org/simple/django/), version: 1.7.2
    Found link https://pypi.python.org/packages/c2/14/e282ae720c21b48316b66126d7295ace0790438b27482b7a3dd9a6e3c3e1/Django-1.9.tar.gz#md5=110389cf89196334182295165852e082 (from https://pypi.python.org/simple/django/), version: 1.9
    Found link https://pypi.python.org/packages/c2/24/2164463152fafd6cbb60cb3b42110418deeeaeef504bf81c3fec46f781fe/Django-1.3.6.tar.gz#md5=357dbedf41ba6db990fd4be7c86cd80d (from https://pypi.python.org/simple/django/), version: 1.3.6
    Found link https://pypi.python.org/packages/c2/6b/44ae1265b3f3b4f215ce23720f66bb75b0019b5ecd78d720ecfbe36fad0d/Django-1.6.7.tar.gz#md5=f31e2f953feb258e3569e962790630b6 (from https://pypi.python.org/simple/django/), version: 1.6.7
    Found link https://pypi.python.org/packages/c6/a2/3e3870966c64a46e0d974d4a40eb60f921a7cbb195d38ff00328899dcc7a/Django-1.8.12.tar.gz#md5=905c4b8eeb180c1710331f6fd65fa378 (from https://pypi.python.org/simple/django/), version: 1.8.12
    Found link https://pypi.python.org/packages/c7/cb/1b2eb81a62f81e862c90675915dd07375d459d789ef372198abec9fbdc7a/Django-1.6.9-py2.py3-none-any.whl#md5=279bc0f844c644939dbe2a77c2249124 (from https://pypi.python.org/simple/django/), version: 1.6.9
    Found link https://pypi.python.org/packages/c9/11/cfdc58670b7f01ae94cd2b256c07892109fc5fffd0c5a613393891426cbe/Django-1.2.2.tar.gz#md5=9cdbf79a31988ace9ef2ab4ede890136 (from https://pypi.python.org/simple/django/), version: 1.2.2
    Found link https://pypi.python.org/packages/c9/1e/66f185ca0d4d0ca11b94caeac96a33a13954963a8b563b67d11f50bfeee7/Django-1.7.4-py2.py3-none-any.whl#md5=f465b25daeaa559ffc329f1e5daaa520 (from https://pypi.python.org/simple/django/), version: 1.7.4
    Found link https://pypi.python.org/packages/cb/97/081df31f2a3850988b92ad4464e95f9e4b257aa5a34e120bca89c260de96/Django-1.9.6-py2.py3-none-any.whl#md5=70687b2d4a2dfa51f70407a3ce2abcbb (from https://pypi.python.org/simple/django/), version: 1.9.6
    Found link https://pypi.python.org/packages/cc/2c/fc2495af4dcc3c81834f9c390cfccfe6b037fdfb5dfdce6c30413170c20b/Django-1.6.5.tar.gz#md5=e4c5b2d35ecb3807317713afa70a0c77 (from https://pypi.python.org/simple/django/), version: 1.6.5
    Found link https://pypi.python.org/packages/cc/36/cc342dd7a9921b0da8b0e2e7ec25b7bdec66701196ba20cca36f79906d34/Django-1.9.8.tar.gz#md5=486d18b73d38313058ec8f81b765421c (from https://pypi.python.org/simple/django/), version: 1.9.8
    Found link https://pypi.python.org/packages/cd/1a/9797706779fc77317887bcf4b12632c24aed8404b694ed1b8d1f7053c92b/Django-1.7.11-py2.py3-none-any.whl#md5=9a1e3e2767c5800a9d4e700c4b3aa514 (from https://pypi.python.org/simple/django/), version: 1.7.11
    Found link https://pypi.python.org/packages/cd/69/f41554b2d76bddd1de18b6c2f7729c18fa823f24f2140f995599e2b9f43f/Django-1.7.9-py2.py3-none-any.whl#md5=2df76c90453477a9d0bb6a1608f0dfa5 (from https://pypi.python.org/simple/django/), version: 1.7.9
    Found link https://pypi.python.org/packages/cd/e6/5a62c92604fa044fa025679448435200a20fd8a751411dee0b264c4659ca/Django-1.4.9.tar.gz#md5=cc0c9752b46de362bd2114a65871330f (from https://pypi.python.org/simple/django/), version: 1.4.9
    Found link https://pypi.python.org/packages/cf/bc/b2f7aad1b5fdde56efb6a9d19598ad01124a2690d6054a6b9900496a6e11/Django-1.9a1-py2.py3-none-any.whl#md5=631e2bc72c996cba2c18594fc4fe2c48 (from https://pypi.python.org/simple/django/), version: 1.9a1
    Found link https://pypi.python.org/packages/d1/ab/8d0fe798860f897e388dbb5a2df468db47c52645cbbd378963eff508cf91/Django-1.7.5.tar.gz#md5=e76c70a5dd7d56a511974b28ab38df20 (from https://pypi.python.org/simple/django/), version: 1.7.5
    Found link https://pypi.python.org/packages/d2/29/1935a5825b8820d1e398ab83f0730d483ec731fae34745ddac8318cf6ac8/Django-1.7.1-py2.py3-none-any.whl#md5=83bd3e5cfba6d6d2bee5a37efb34771c (from https://pypi.python.org/simple/django/), version: 1.7.1
    Found link https://pypi.python.org/packages/d2/8b/115baec29ab28754da734b89e4a6aa8e5f0588d1b8f0db03d8b9f87bb88c/Django-1.8.6-py2.py3-none-any.whl#md5=8d3e35eb13674c1ff77dfcc4accb668b (from https://pypi.python.org/simple/django/), version: 1.8.6
    Found link https://pypi.python.org/packages/d5/0d/445186a82bbcc75166a507eff586df683c73641e7d6bb7424a44426dca71/Django-1.8.12-py2.py3-none-any.whl#md5=c8f867d0aaf25e5031b6a6e1137dfea1 (from https://pypi.python.org/simple/django/), version: 1.8.12
    Found link https://pypi.python.org/packages/d5/5e/a1328223c382024b2b184dacc713086463ce1a60fe1471d500b3b66f840a/Django-1.7-py2.py3-none-any.whl#md5=15efe093b40d058acf24682c31e7b24c (from https://pypi.python.org/simple/django/), version: 1.7
    Found link https://pypi.python.org/packages/d9/6d/79a3f4e6b05056356922d1df44fc648b2c1857db0f793b8a835759c11a8d/Django-1.4.21.tar.gz#md5=87f69cbc6e189895be48f02357d10990 (from https://pypi.python.org/simple/django/), version: 1.4.21
    Found link https://pypi.python.org/packages/d9/9a/e6ca54fe351085b907551adda560a5494811a6aa1521ddddf72fe657d8e4/Django-1.8.5.tar.gz#md5=02426a28fb356e52006e053503d66490 (from https://pypi.python.org/simple/django/), version: 1.8.5
    Found link https://pypi.python.org/packages/da/31/cc1ab8109387d178bfa0d1f85a6a6175b07c72b63db92f42c27aab83df3c/Django-1.8.4.tar.gz#md5=8eb569a5b9d984d9f3366fda67fb0bb8 (from https://pypi.python.org/simple/django/), version: 1.8.4
    Found link https://pypi.python.org/packages/de/c0/b9e7fbf78afb964a7ff7e9609ea7d4c65fb67c7c4d456638dfa45c3f8d0c/Django-1.6.9.tar.gz#md5=03893cd1232f6cf75f0523e1b2c91ed2 (from https://pypi.python.org/simple/django/), version: 1.6.9
    Found link https://pypi.python.org/packages/df/07/e87b36c24a742deebbffafb31504bbaffe4a20db799b43404f655413052a/Django-1.7.tar.gz#md5=03edab6828119aa9b32b2252d25eb38d (from https://pypi.python.org/simple/django/), version: 1.7
    Found link https://pypi.python.org/packages/e1/5d/6922fc7c382be5157b723f7bfe78035ccfd3e53fa21e9bffb44381153be5/Django-1.8.7.tar.gz#md5=44c01355b5efa01938a89b8bd798b1ed (from https://pypi.python.org/simple/django/), version: 1.8.7
    Found link https://pypi.python.org/packages/e2/19/2b5fba33b2c6548fcd9ae4961f9d89bafeedf232fe3367c28a85280e9e13/Django-1.5.12-py2.py3-none-any.whl#md5=c35cb78bbf20a8ef60d37207d75a0f34 (from https://pypi.python.org/simple/django/), version: 1.5.12
    Found link https://pypi.python.org/packages/e3/ea/be67f2d55fd583b7ff6e7cc0764da2b1d6437317354beedabd0ff15cad3a/Django-1.5.9.tar.gz#md5=4c6f03748043a32059d905033e0dc770 (from https://pypi.python.org/simple/django/), version: 1.5.9
    Found link https://pypi.python.org/packages/e6/3f/f3e67d9c2572765ffe4268fc7f9997ce3b02e78fd144733f337d72dabb12/Django-1.4.1.tar.gz#md5=e345268dacff12876ae4e45de0a61b7d (from https://pypi.python.org/simple/django/), version: 1.4.1
    Found link https://pypi.python.org/packages/e6/8c/142b08d2dc89aec2b74ad1d37f943ec50c73d4afce12ea6c0c568403ab22/Django-1.10b1-py2.py3-none-any.whl#md5=907c0f7f7b6ac716e46312015dfa9e1a (from https://pypi.python.org/simple/django/), version: 1.10b1
    Found link https://pypi.python.org/packages/e6/f3/544641b38e4ac212562b0c9722e8ee5e3ec07e6e2ba644a41d5044f2a9ad/Django-1.7.9.tar.gz#md5=6ea69f3ebb73755bd2a4c9e3743f17c8 (from https://pypi.python.org/simple/django/), version: 1.7.9
    Found link https://pypi.python.org/packages/e6/f9/154e1460c4a95c90ab28ead50314161ea2c4016f3561033b41f687f0a76d/Django-1.9.7-py2.py3-none-any.whl#md5=5224b6f237a9e46a84fc0f9921f678ae (from https://pypi.python.org/simple/django/), version: 1.9.7
    Found link https://pypi.python.org/packages/ea/9b/b5a6360b3dfcd88d4bad70f59da26cbde4bdec395a31bb26dc840e806a50/Django-1.9-py2.py3-none-any.whl#md5=f98b94b9911b397ea3794a05079cbc78 (from https://pypi.python.org/simple/django/), version: 1.9
    Found link https://pypi.python.org/packages/ed/56/11e0c6ce22d7e7048dbabc37202a536a35fbe45bcae661afd16fdefb8903/Django-1.4.2.tar.gz#md5=6ffecdc01ad360e1abdca1015ae0893a (from https://pypi.python.org/simple/django/), version: 1.4.2
    Found link https://pypi.python.org/packages/f1/dd/271a9fa17b95a980ac66c44848fef72d29d904d3e141b219f6e91d1904ec/Django-1.6-py2.py3-none-any.whl#md5=1078059a13d83a091e952917d22da9af (from https://pypi.python.org/simple/django/), version: 1.6
    Found link https://pypi.python.org/packages/f3/13/f7ac67daff05d52bc4db7163040cc88aaf9dcb9cb65349056276f08bf536/Django-1.7.6.tar.gz#md5=e73ec0ba059a5f24563d785763cae37d (from https://pypi.python.org/simple/django/), version: 1.7.6
    Found link https://pypi.python.org/packages/f3/af/91bf47f38841c1b64875cb6ff40c6466e71ed8c0864ef837e1db5c4fbac8/Django-1.7.4.tar.gz#md5=f8db10520f0268747d402a47a1a4b191 (from https://pypi.python.org/simple/django/), version: 1.7.4
    Found link https://pypi.python.org/packages/f5/b8/f0fbab57bca8d88ac4d41f816a80d24f7dcfc66616984c255b1974df702f/Django-1.9.8-py2.py3-none-any.whl#md5=768fe4c89d40f412dfcb151306c5bae5 (from https://pypi.python.org/simple/django/), version: 1.9.8
    Found link https://pypi.python.org/packages/f5/d5/6722d3091946734194ffcfe8ef074f63e8acdd1ff51dfcfc87c2c194fd3f/Django-1.3.tar.gz#md5=1b8f76e91c27564708649671f329551f (from https://pypi.python.org/simple/django/), version: 1.3
    Found link https://pypi.python.org/packages/f7/1d/f2928f2be4da63a6304d56dcfde893fcd68cae49a70d35d2fda625f66525/Django-1.7.6-py2.py3-none-any.whl#md5=9ede80f1a893835ffecce15b23534d82 (from https://pypi.python.org/simple/django/), version: 1.7.6
    Found link https://pypi.python.org/packages/f9/22/2ecdc946394c2490212691bd44fc8b54aa6b1c49e8cb505d853dc0716646/Django-1.9.3-py2.py3-none-any.whl#md5=dff96b62225f29aa0203ae2eff2d36e2 (from https://pypi.python.org/simple/django/), version: 1.9.3
    Found link https://pypi.python.org/packages/ff/15/119ccb1a1f0392443f78140c31b981cb2d081afff82fcf368d86619d8cee/Django-1.3.4.tar.gz#md5=9a610a40ee5fcc4ca283fb499e265936 (from https://pypi.python.org/simple/django/), version: 1.3.4
    Found link https://pypi.python.org/packages/ff/2f/7412428c52976797c5229a613326cf41d678a0f2fcfafb427ada6c8a561a/Django-1.5.10.tar.gz#md5=b055361f04c0b8e862f8e8ffbb44e464 (from https://pypi.python.org/simple/django/), version: 1.5.10
    Found link https://pypi.python.org/packages/ff/83/fad3cc3ac64f8096ae5e56fa1de303ff947fb3fab69cd96d3df9ccf353fb/Django-1.6.10.tar.gz#md5=d7123f14ac19ae001be02ed841937b91 (from https://pypi.python.org/simple/django/), version: 1.6.10
  Using version 1.8.14 (newest of versions: 1.1.3, 1.1.4, 1.2, 1.2.1, 1.2.2, 1.2.3, 1.2.4, 1.2.5, 1.2.6, 1.2.7, 1.3, 1.3.1, 1.3.2, 1.3.3, 1.3.4, 1.3.5, 1.3.6, 1.3.7, 1.4, 1.4.1, 1.4.2, 1.4.3, 1.4.4, 1.4.5, 1.4.6, 1.4.7, 1.4.8, 1.4.9, 1.4.10, 1.4.11, 1.4.12, 1.4.13, 1.4.14, 1.4.15, 1.4.16, 1.4.17, 1.4.18, 1.4.19, 1.4.20, 1.4.21, 1.4.22, 1.5, 1.5.1, 1.5.2, 1.5.3, 1.5.4, 1.5.5, 1.5.6, 1.5.7, 1.5.8, 1.5.9, 1.5.10, 1.5.11, 1.5.12, 1.6, 1.6.1, 1.6.2, 1.6.3, 1.6.4, 1.6.5, 1.6.6, 1.6.7, 1.6.8, 1.6.9, 1.6.10, 1.6.11, 1.7, 1.7.1, 1.7.2, 1.7.3, 1.7.4, 1.7.5, 1.7.6, 1.7.7, 1.7.8, 1.7.9, 1.7.10, 1.7.11, 1.8, 1.8.1, 1.8.2, 1.8.3, 1.8.4, 1.8.5, 1.8.6, 1.8.7, 1.8.8, 1.8.9, 1.8.10, 1.8.11, 1.8.12, 1.8.13, 1.8.14)
  Using cached Django-1.8.14-py2.py3-none-any.whl
  Downloading from URL https://pypi.python.org/packages/12/13/66eeba22d40f86d6cecc5a12784ae84b53f2ba171c448b1646ede25a99cd/Django-1.8.14-py2.py3-none-any.whl#md5=a7cc0445cd937d1f9e3c1a47c783af73 (from https://pypi.python.org/simple/django/)
Installing collected packages: django

Successfully installed django-1.8.14
Cleaning up...
Requirement already satisfied (use --upgrade to upgrade): django<1.9.0 in ./env/lib/python2.7/site-packages (from -r ./requirements.conf (line 1))
Collecting requests (from -r ./requirements.conf (line 2))
  1 location(s) to search for versions of requests:
  * https://pypi.python.org/simple/requests/
  Getting page https://pypi.python.org/simple/requests/
  Analyzing links from page https://pypi.python.org/simple/requests/
    Found link https://pypi.python.org/packages/00/c8/8cf0f078100ce5fe7ff35927d8861e2e36daed9be2db56690f3ad80ccec4/requests-0.7.1.tar.gz#md5=4821c6902d8e83c910c69c6492388e5f (from https://pypi.python.org/simple/requests/), version: 0.7.1
    Found link https://pypi.python.org/packages/01/44/39988315e036b79fe70428273053617266bf20d1363e91082346fae8450d/requests-0.10.3.tar.gz#md5=a055af00593f4828c3becd0ccfab503f (from https://pypi.python.org/simple/requests/), version: 0.10.3
    Found link https://pypi.python.org/packages/01/da/da83c242c5a77c58aa86072d68fd2855aa9b4d3b1a8bac4b402531b25ff1/requests-0.13.9.tar.gz#md5=66d52b8f47be517fc91a6e18d6b9ce82 (from https://pypi.python.org/simple/requests/), version: 0.13.9
    Found link https://pypi.python.org/packages/02/56/a6203485b552f9e8e8f16bd4e576446f94737ccbc563957e7510c8e401e4/requests-0.13.6.tar.gz#md5=9ea0f38cc4bf444be5a4c90f127211f2 (from https://pypi.python.org/simple/requests/), version: 0.13.6
    Found link https://pypi.python.org/packages/04/75/52e169351e24a9faa8bfac69a07ea3551b845ca6354f22da15c5da3d5100/requests-0.13.4.tar.gz#md5=286cd3352509691e81c520accc5b9e48 (from https://pypi.python.org/simple/requests/), version: 0.13.4
    Found link https://pypi.python.org/packages/08/d5/3dfb95813d697d1e5a3eccb9b88f9d91a233fc35b0ddbb5bc238142f9de0/requests-2.6.1.tar.gz#md5=da6e487f89e6a531699b7fd97ff182af (from https://pypi.python.org/simple/requests/), version: 2.6.1
    Found link https://pypi.python.org/packages/0a/00/8cc925deac3a87046a4148d7846b571cf433515872b5430de4cd9dea83cb/requests-2.7.0.tar.gz#md5=29b173fd5fa572ec0764d1fd7b527260 (from https://pypi.python.org/simple/requests/), version: 2.7.0
    Found link https://pypi.python.org/packages/0b/b8/932de3bc1b8630357de85bc0c794ee1a7d343cb8008b470a0c9d15e84341/requests-0.6.0.tar.gz#md5=235e9fb6bfd71a48c0f00c0d5aef8896 (from https://pypi.python.org/simple/requests/), version: 0.6.0
    Found link https://pypi.python.org/packages/0c/4d/d67bd4e4b17148aad88e6d75c62763ec27363d18038ed75019239e1516d0/requests-0.5.0.tar.gz#md5=6dfdc1688217d774d524e056ec6605a6 (from https://pypi.python.org/simple/requests/), version: 0.5.0
    Found link https://pypi.python.org/packages/0d/63/0e6c6b817ab38fb3e38a192d6631d698fe78308a68659af3aa523cd736d4/requests-0.13.1.tar.gz#md5=31a08091feeefe60817e45122d933219 (from https://pypi.python.org/simple/requests/), version: 0.13.1
    Found link https://pypi.python.org/packages/0f/d0/e80371e64a7a7bafa303ea50465456e5292d9436504ce39b9619b6ba24be/requests-2.4.1.tar.gz#md5=931461f761c70708c46ea65b7889da58 (from https://pypi.python.org/simple/requests/), version: 2.4.1
    Found link https://pypi.python.org/packages/1b/92/0632a7eb5e94bfedd300a3a5f4ebbf8505fd9768ba00ab259b5bf786de5f/requests-2.8.0.tar.gz#md5=3ec7198fc935d83c3eacff1ed4095ce4 (from https://pypi.python.org/simple/requests/), version: 2.8.0
    Found link https://pypi.python.org/packages/1c/8e/376c93bb72bdae6a754797b8e31370df1e996e8b7dcc928e66691dbf611a/requests-2.0.1.tar.gz#md5=38e61c2856d2ba2782286730241975e6 (from https://pypi.python.org/simple/requests/), version: 2.0.1
    Found link https://pypi.python.org/packages/1e/97/f0a8e5e71c75a2abf5ec91438b84ec1a40a5e1b5f985c06721a3ebe57c0a/requests-2.1.0-py2.py3-none-any.whl#md5=0848cbc0cc7edd150cb8d6ddc25ca906 (from https://pypi.python.org/simple/requests/), version: 2.1.0
    Found link https://pypi.python.org/packages/20/fc/53f45b9bdfa8bd5f11b7d60b50052a8e4729346fcc8d5854e0e1449d92b5/requests-2.5.2-py2.py3-none-any.whl#md5=7e72dfe8ed9d4ce5fd9dd9d799b3add1 (from https://pypi.python.org/simple/requests/), version: 2.5.2
    Found link https://pypi.python.org/packages/26/ff/c71b3943bebdd9f7ceb9e137296370587eb0b33fe2eb3732ae168bc45204/requests-2.7.0-py2.py3-none-any.whl#md5=564fb256f865a79f977e57b79d31659a (from https://pypi.python.org/simple/requests/), version: 2.7.0
    Found link https://pypi.python.org/packages/2b/9e/1be659005a6bb394b02e12804fcaf8cd85050958a459945708b21e362b32/requests-0.7.5.tar.gz#md5=9a12281a811ca25d347d806c456d96f1 (from https://pypi.python.org/simple/requests/), version: 0.7.5
    Found link https://pypi.python.org/packages/2e/ad/e627446492cc374c284e82381215dcd9a0a87c4f6e90e9789afefe6da0ad/requests-2.11.1.tar.gz#md5=ad5f9c47b5c5dfdb28363ad7546b0763 (from https://pypi.python.org/simple/requests/), version: 2.11.1
    Found link https://pypi.python.org/packages/32/0e/11cfb3a5e269605d0bbe3bbca9845da9b57aed90e75bd489e5e7e3509c13/requests-2.5.0-py2.py3-none-any.whl#md5=9d29a8a0210c236d9329bed49277b3fa (from https://pypi.python.org/simple/requests/), version: 2.5.0
    Found link https://pypi.python.org/packages/32/35/f2908b62b155b1737ab80b1a69142d007522bb0d1b3a0d3f8909595762f5/requests-1.0.2.tar.gz#md5=e5c1a5a5472cd61f144743dd25a2a29f (from https://pypi.python.org/simple/requests/), version: 1.0.2
    Found link https://pypi.python.org/packages/37/b3/d1a5d9768240a1104a620730a1226975ceb9dd3882a8cfd8935b314ee0ca/requests-2.6.2.tar.gz#md5=0d703e5be558566e0f8c37f960d95372 (from https://pypi.python.org/simple/requests/), version: 2.6.2
    Found link https://pypi.python.org/packages/37/e4/74cb55b3da7777a1dc7cd7985c3cb12e83e213c03b0f9ca20d2c0e92b3c3/requests-1.2.0.tar.gz#md5=22af2682233770e5468a986f451c51c0 (from https://pypi.python.org/simple/requests/), version: 1.2.0
    Found link https://pypi.python.org/packages/38/2d/290d33417c079a5248fcd06b0b8492acdd1851e54e4bdad54c3859dab600/requests-2.8.1.tar.gz#md5=a27ea3d72d7822906ddce5e252d6add9 (from https://pypi.python.org/simple/requests/), version: 2.8.1
    Found link https://pypi.python.org/packages/3a/0a/7c62c06702ddb4d3bc50d27f5b8e094d6e66a3374fc2eedf264742f84805/requests-0.12.1.tar.gz#md5=fe9e0515d09733d0eb9e2031c03401b2 (from https://pypi.python.org/simple/requests/), version: 0.12.1
    Found link https://pypi.python.org/packages/3a/72/9f39b173ee93645013563df119d28841f47b0ca2ebe04afcefd438e42f30/requests-0.8.9.tar.gz#md5=ff5b3bf5bc3ad19930d3f3afe51f182b (from https://pypi.python.org/simple/requests/), version: 0.8.9
    Found link https://pypi.python.org/packages/3a/ac/0372d6b7fbde19444d5cc560f296e70b26283d2bac0665b576dd3f5e6b60/requests-0.12.0.tar.gz#md5=c38bacf4d6a065f3c47463e63efdfb5a (from https://pypi.python.org/simple/requests/), version: 0.12.0
    Found link https://pypi.python.org/packages/3b/99/a8acc0c986281232f9476575c27a81ab697afbf089f42f05c196f51892c0/requests-2.2.0-py2.py3-none-any.whl#md5=8f989615bb0d276d5f3158e7efab494c (from https://pypi.python.org/simple/requests/), version: 2.2.0
    Found link https://pypi.python.org/packages/3b/9e/bfa03431335e778854da3d562697e067df40870a78ca81b35089822c6583/requests-1.2.1.tar.gz#md5=4d019670b94b17e329007d64e67e045e (from https://pypi.python.org/simple/requests/), version: 1.2.1
    Found link https://pypi.python.org/packages/3d/54/c4a7dcfccac9e6dd738e9ed86848a9a5b07a4345e5949f8795cfdc0ea95f/requests-0.7.3.tar.gz#md5=267f6f7d1109775d24a288f798e3ab4a (from https://pypi.python.org/simple/requests/), version: 0.7.3
    Found link https://pypi.python.org/packages/40/1d/63a729208e1e93cf2cbda953b9f20ec9b101eb964e3f6205d1c2e294f294/requests-0.14.1.tar.gz#md5=3de30600072cbc7214ae342d1d08aa46 (from https://pypi.python.org/simple/requests/), version: 0.14.1
    Found link https://pypi.python.org/packages/46/da/94c0fd6ff79b85befc3b528cf3771700def274c52b347bf12eeaa466f34c/requests-1.0.0.tar.gz#md5=099c9035c4b30a7ae5484b1beabc7407 (from https://pypi.python.org/simple/requests/), version: 1.0.0
    Found link https://pypi.python.org/packages/48/aa/1077a5fef0c4fbdad8ce127166ca474c67788b7609137d26e17ab46ee16d/requests-0.9.1.tar.gz#md5=8ed4667edb5d57945b74a9137adbb8bd (from https://pypi.python.org/simple/requests/), version: 0.9.1
    Found link https://pypi.python.org/packages/49/6f/183063f01aae1e025cf0130772b55848750a2f3a89bfa11b385b35d7329d/requests-2.10.0.tar.gz#md5=a36f7a64600f1bfec4d55ae021d232ae (from https://pypi.python.org/simple/requests/), version: 2.10.0
    Found link https://pypi.python.org/packages/4b/ad/d536b2e572e843fda13e4458c67f937b05ce359722c1e4cdad35ba05b6e3/requests-0.2.1.tar.gz#md5=7e9590f3985ece46fc8306e906b458c7 (from https://pypi.python.org/simple/requests/), version: 0.2.1
    Found link https://pypi.python.org/packages/4e/31/50a12e5b5e585e0b00ce2592c9b45f2ae109575e3707a341afd7550a8d1a/requests-0.14.0.tar.gz#md5=a809c747e4f09b92147721ebc3e23dd6 (from https://pypi.python.org/simple/requests/), version: 0.14.0
    Found link https://pypi.python.org/packages/4e/9b/a78a3bb2913576fad3ec6f18b8d26dd9579268f6b2191d73f4ec40e09490/requests-0.8.6.tar.gz#md5=21b03926ab38417a704ebce57972571a (from https://pypi.python.org/simple/requests/), version: 0.8.6
    Found link https://pypi.python.org/packages/51/5d/3729c242ed7693f29941fd9d40e936d4994b0aa704dfd0c023312fcce8a3/requests-2.1.0.tar.gz#md5=28543001831f46b1ff40686ebc027deb (from https://pypi.python.org/simple/requests/), version: 2.1.0
    Found link https://pypi.python.org/packages/54/9a/ee6051b19c62728d5467dead279c532798c287e39c3bc8becb1cfa9f525a/requests-2.5.1-py2.py3-none-any.whl#md5=11dc91bc96c5c5e0b566ce8f9c9644ab (from https://pypi.python.org/simple/requests/), version: 2.5.1
    Found link https://pypi.python.org/packages/54/9d/1ee0bd44e9334b6382ed5226d4bc33518d0d0b03ed806af6444d1c80ed83/requests-0.13.3.tar.gz#md5=54387d7df6c69580b906dcb5a2bd0724 (from https://pypi.python.org/simple/requests/), version: 0.13.3
    Found link https://pypi.python.org/packages/55/19/986305b95fae17c58c95e191943a282bce19f82535af4530890c483937ad/requests-0.6.2.tar.gz#md5=0583bb5393b9cfcb022dc2aef7d6ffc8 (from https://pypi.python.org/simple/requests/), version: 0.6.2
    Found link https://pypi.python.org/packages/56/c3/0887d5d6c18a366308b3dc7024210b4c89ff9ae92ae5fb87cf8fe58bcae2/requests-0.4.0.tar.gz#md5=77a7a7edd54169c6fa7ace49dcb0b20c (from https://pypi.python.org/simple/requests/), version: 0.4.0
    Found link https://pypi.python.org/packages/58/1e/6b84552b6553f5beaf7cb0fe15115e7e4673326ed9188ad5338559ee8285/requests-0.10.2.tar.gz#md5=47c3cf85a0112d423137b43989663bef (from https://pypi.python.org/simple/requests/), version: 0.10.2
    Found link https://pypi.python.org/packages/5c/8c/0399c9554b04b2b267d81239773657ddc720799a08565b6c21f7aed652df/requests-0.7.0.tar.gz#md5=83a1a7d79218756efd19b254eeb6b1f0 (from https://pypi.python.org/simple/requests/), version: 0.7.0
    Found link https://pypi.python.org/packages/5d/a6/90f822c17b4fc905da67aed49b511f110207242ff164aeda926461101dc6/requests-2.8.0-py2.py3-none-any.whl#md5=52236eb6f886db4d2afba43775c97050 (from https://pypi.python.org/simple/requests/), version: 2.8.0
    Found link https://pypi.python.org/packages/5d/e8/f27e0868b9a49946b3f800722e02b19efebde22ae534276df3e5f6cca41d/requests-1.0.4.tar.gz#md5=0b7448f9e1a077a7218720575003a1b6 (from https://pypi.python.org/simple/requests/), version: 1.0.4
    Found link https://pypi.python.org/packages/5e/c0/76fac9445cd8b6394eacae1e098ca0c97767cc0112e45e68521f553df003/requests-0.3.1.tar.gz#md5=3f4701e2ab414cd7018804a70328c527 (from https://pypi.python.org/simple/requests/), version: 0.3.1
    Found link https://pypi.python.org/packages/5f/1c/8d145fbdb23986063a8a0c954d484a793024137a99ac7f3da603717fe64a/requests-0.5.1.tar.gz#md5=33a6e65d6a4e5b2d91df76256f607b81 (from https://pypi.python.org/simple/requests/), version: 0.5.1
    Found link https://pypi.python.org/packages/61/79/efc316760a906763de872d7328c9bf8c5af28708a35fdae57fbb4ee005f7/requests-1.2.3.tar.gz#md5=adbd3f18445f7fe5e77f65c502e264fb (from https://pypi.python.org/simple/requests/), version: 1.2.3
    Found link https://pypi.python.org/packages/61/fe/2c0a4ca99c68ea24eec65d3094d6539d54635562678ee7a58420005c12b6/requests-2.5.1.tar.gz#md5=c270eb5551a02e8ab7a4cbb83e22af2e (from https://pypi.python.org/simple/requests/), version: 2.5.1
    Found link https://pypi.python.org/packages/62/12/0840d1bba04e5d60e469610ad78e02e89e6828e776adaef4116413cf5fd0/requests-0.9.3.tar.gz#md5=b13b6fbfa8fc3fc3c25bae300748053f (from https://pypi.python.org/simple/requests/), version: 0.9.3
    Found link https://pypi.python.org/packages/62/35/0230421b8c4efad6624518028163329ad0c2df9e58e6b3bee013427bf8f6/requests-0.10.0.tar.gz#md5=c90a48af18eb4170dbe4832c1104440c (from https://pypi.python.org/simple/requests/), version: 0.10.0
    Found link https://pypi.python.org/packages/62/ca/338cf287e172099e4500cfa2cb580d2c9a1874427a8a14324d7a4c9d01b1/requests-0.13.2.tar.gz#md5=fac5635391778e2394a411d37e69ae5e (from https://pypi.python.org/simple/requests/), version: 0.13.2
    Found link https://pypi.python.org/packages/64/20/2133a092a0e87d1c250fe48704974b73a1341b7e4f800edecf40462a825d/requests-2.9.2.tar.gz#md5=18d0e51cd5e84c7d8b6dcbdd51551984 (from https://pypi.python.org/simple/requests/), version: 2.9.2
    Found link https://pypi.python.org/packages/64/50/219c9ff86e6fecfb89bdfe1093aea523f14882657186f806462887220267/requests-0.7.4.tar.gz#md5=c015765399b8c1e309c84ade0d38f07b (from https://pypi.python.org/simple/requests/), version: 0.7.4
    Found link https://pypi.python.org/packages/64/74/5bedd762987b5cb4ad5de4901d12942ad7635bffa5ae4f6b5e725d1b2068/requests-2.6.1-py2.py3-none-any.whl#md5=adb8e91b3367bc0417ef1e4a6dced9b1 (from https://pypi.python.org/simple/requests/), version: 2.6.1
    Found link https://pypi.python.org/packages/65/5d/e69bad1f71d5284113165738d563a997d0d1ac968f939d1375f3df7c59fc/requests-0.8.2.tar.gz#md5=bdbbd7f45688e23e87eec52835959943 (from https://pypi.python.org/simple/requests/), version: 0.8.2
    Found link https://pypi.python.org/packages/68/a1/fac8e1fa783d167cc49debc5b5328ca57eac9d53b58c34d17ce7592cdc6d/requests-0.9.2.tar.gz#md5=65b36d99a4d2f78a22f08c95d2475e33 (from https://pypi.python.org/simple/requests/), version: 0.9.2
    Found link https://pypi.python.org/packages/6a/85/32d23f3dbc43e54631bb9bd76d34c2448cc2f2f0de29babfb1a6a79b4d60/requests-0.8.0.tar.gz#md5=64dc0095cb645aa7f0083957950d524d (from https://pypi.python.org/simple/requests/), version: 0.8.0
    Found link https://pypi.python.org/packages/6f/7e/5c2d7d9102c6ab847bd1215f96255e894fbfc81c8abf2c1714ae2a504913/requests-0.2.3.tar.gz#md5=102243646fc0cffdc82269f4bb5c6d5d (from https://pypi.python.org/simple/requests/), version: 0.2.3
    Found link https://pypi.python.org/packages/73/63/b0729be549494a3e31316437053bc4e0a8bb71a07a6ee6059434b8f1cd5f/requests-2.6.0-py2.py3-none-any.whl#md5=3ab1972bbaf2802d94516fb86b9b0d0b (from https://pypi.python.org/simple/requests/), version: 2.6.0
    Found link https://pypi.python.org/packages/78/14/23cf8ede304c7c8b69b929b17074292073827239c31659ab8c7beb22a059/requests-2.4.0-py2.py3-none-any.whl#md5=47948d2fb3f2aa04235e6f637814b226 (from https://pypi.python.org/simple/requests/), version: 2.4.0
    Found link https://pypi.python.org/packages/7c/af/b46199ae37c032801bcdc5dbb1c82a59613883ee690ff4fd2b5dc3140130/requests-0.7.2.tar.gz#md5=03eb97ed6aacb4102fd434bbfc13ce17 (from https://pypi.python.org/simple/requests/), version: 0.7.2
    Found link https://pypi.python.org/packages/7d/15/6efffc6aee666e1456852c2bf1d483b46bf971a2d509b35a98fc3eae1c60/requests-2.2.1-py2.py3-none-any.whl#md5=1e38addb978e50bd86f62bda53956b03 (from https://pypi.python.org/simple/requests/), version: 2.2.1
    Found link https://pypi.python.org/packages/7f/76/66c01dd9afe4c5062e0c838bbd98ead7fa6b52984c7e26100a42c3eb965a/requests-1.0.3.tar.gz#md5=a3169a33973d4b5b51843ead01c5e999 (from https://pypi.python.org/simple/requests/), version: 1.0.3
    Found link https://pypi.python.org/packages/82/3c/3b5beca192da920c0c2ba67119d66ba1e4b1e766f40898e5e684d697ca1c/requests-0.2.2.tar.gz#md5=a703489b1a4a650698ddcf84857360c6 (from https://pypi.python.org/simple/requests/), version: 0.2.2
    Found link https://pypi.python.org/packages/86/1b/88d3753931419a226bb4e4c1d354cd2d40acff3482b37e30dd84ba8a243b/requests-0.13.0.tar.gz#md5=7d41e51c273806456faab61370d5147e (from https://pypi.python.org/simple/requests/), version: 0.13.0
    Found link https://pypi.python.org/packages/89/ce/0115444a1f9d833768160e678c21483e271466918966c11212f040b5f2af/requests-0.9.0.tar.gz#md5=5f6f03ec76f68a7a3f35120ab5a6c589 (from https://pypi.python.org/simple/requests/), version: 0.9.0
    Found link https://pypi.python.org/packages/8a/98/bf72c7bd3ecfaf46dc2de3e59dcda6e61766526d3cf5897e9edd599795fc/requests-2.4.3-py2.py3-none-any.whl#md5=0a66a9c4c22272680430fbb9fb4ca34f (from https://pypi.python.org/simple/requests/), version: 2.4.3
    Found link https://pypi.python.org/packages/8b/e7/229a428b8eb9a7f925ef16ff09ab25856efe789410d661f10157919f2ae2/requests-2.9.2-py2.py3-none-any.whl#md5=afecc76f13f3ae5e5dab18ae64c73c84 (from https://pypi.python.org/simple/requests/), version: 2.9.2
    Found link https://pypi.python.org/packages/8d/66/649f861f980c0a168dd4cccc4dd0ed8fa5bd6c1bed3bea9a286434632771/requests-2.11.0.tar.gz#md5=147afc07d8967cf46359701551a6cb69 (from https://pypi.python.org/simple/requests/), version: 2.11.0
    Found link https://pypi.python.org/packages/8e/88/102742c48605aef8d39fa719d932c67783d789679628fa1433cb4b2c7a2a/requests-2.0.0.tar.gz#md5=856fc825c17483e25fd55db115028e3f (from https://pypi.python.org/simple/requests/), version: 2.0.0
    Found link https://pypi.python.org/packages/8f/ea/140f18072bbcd81885a9490abb171792fd2961fd7f366be58396f4c6d634/requests-2.0.1-py2.py3-none-any.whl#md5=d524f9a38a29efe1732fd130e5ebe433 (from https://pypi.python.org/simple/requests/), version: 2.0.1
    Found link https://pypi.python.org/packages/94/ac/5fa21e435ba8050d14db92ce29763c28196b727d4079dc608d39177fbf9b/requests-0.10.4.tar.gz#md5=5e465e9e739bcc9f71935ca4e9706168 (from https://pypi.python.org/simple/requests/), version: 0.10.4
    Found link https://pypi.python.org/packages/95/54/44dc83b5f11c6da06bf9abd18c8a0905e0e297e0a9c3bfbc0c6ee4bdd33d/requests-2.5.3-py2.py3-none-any.whl#md5=233249f4627ac5481c948e494d2a090e (from https://pypi.python.org/simple/requests/), version: 2.5.3
    Found link https://pypi.python.org/packages/96/2b/88e9d6bf2e9d75cda77bf4fdc03720f4ba262beb532f9510a4a7f3e45660/requests-0.3.0.tar.gz#md5=aa1306575a78ba8b5e625dd2645d2ef0 (from https://pypi.python.org/simple/requests/), version: 0.3.0
    Found link https://pypi.python.org/packages/97/e0/a2bc7317b13caf227a75c8151b562b62a2e9f5d4ab4ad59694bfdbf5c35c/requests-0.6.4.tar.gz#md5=e0eec314178ad9a7bb14f2ec32f35ba3 (from https://pypi.python.org/simple/requests/), version: 0.6.4
    Found link https://pypi.python.org/packages/99/b4/63d99ba8e189c47d906b43bae18af4396e336f2b1bfec86af31efe2d2cb8/requests-2.10.0-py2.py3-none-any.whl#md5=abf5a77de3e8a5973c738cca884502a0 (from https://pypi.python.org/simple/requests/), version: 2.10.0
    Found link https://pypi.python.org/packages/9a/05/4ab34c6aae63a01aef2fd8be3573a99c197cc76a67f8cee751cb3a7784fb/requests-0.10.8.tar.gz#md5=0fc89a30eef76b2393cbc7ebace91750 (from https://pypi.python.org/simple/requests/), version: 0.10.8
    Found link https://pypi.python.org/packages/9f/3e/c09023432b822a09d965878640de63f8126d77c948f45c24dcad13d42721/requests-2.6.2-py2.py3-none-any.whl#md5=36746c275589b2154307bbcc6d28320a (from https://pypi.python.org/simple/requests/), version: 2.6.2
    Found link https://pypi.python.org/packages/a2/87/afb7990b87f76ec9d11fd15668c2362a8fbe8436e0a780c7fe5aedf1a299/requests-2.4.2-py2.py3-none-any.whl#md5=f49f34b1fcdef6b557964deea1a80cf3 (from https://pypi.python.org/simple/requests/), version: 2.4.2
    Found link https://pypi.python.org/packages/a6/1f/f948fb7ba68b69b13a1fbbb70d7706e889c7b7d3e9867b498ca7971126db/requests-0.6.1.tar.gz#md5=07770334d48bd69ede1cc28cd0dd7680 (from https://pypi.python.org/simple/requests/), version: 0.6.1
    Found link https://pypi.python.org/packages/a6/36/06a7d4261f91552f21f017fe162d69df95ca7925d1436c8acf73283ee3d0/requests-2.5.3.tar.gz#md5=23bf4fcc89ea8d353eb5353bb4a475b1 (from https://pypi.python.org/simple/requests/), version: 2.5.3
    Found link https://pypi.python.org/packages/a7/83/bb447075090f4a3a60082765051d476b62f375d0f8174ebe9545d4bb8938/requests-0.8.7.tar.gz#md5=e4d4ee3a90396908bd04b50bf2136617 (from https://pypi.python.org/simple/requests/), version: 0.8.7
    Found link https://pypi.python.org/packages/a8/a6/38b9de830719e4cd62ddf51f240654200658d0315aa9e908eda90ee64879/requests-0.6.5.tar.gz#md5=52f8bc956e027c8a0eb2684f6928169d (from https://pypi.python.org/simple/requests/), version: 0.6.5
    Found link https://pypi.python.org/packages/aa/a7/ec41790a8fb50f8d359568f82cd37a994af5d0159cccb543d147a7eea751/requests-0.8.4.tar.gz#md5=642e5c70250989e4feda9c50be57b100 (from https://pypi.python.org/simple/requests/), version: 0.8.4
    Found link https://pypi.python.org/packages/ab/f9/4425c8410faf7c7d420dbd64e127f2cfb68cfef869a374b332610b6abc09/requests-2.3.0.tar.gz#md5=7449ffdc8ec9ac37bbcd286003c80f00 (from https://pypi.python.org/simple/requests/), version: 2.3.0
    Found link https://pypi.python.org/packages/ae/fb/b1d6916b5278c44a1a2beb919d7ab96327051c3d47db9d6ee6978743444e/requests-0.8.1.tar.gz#md5=6135f837fbd113fc62904c60dcc5c70d (from https://pypi.python.org/simple/requests/), version: 0.8.1
    Found link https://pypi.python.org/packages/b3/54/dbc9b89a66a15ab9f3e2595de1b1ebd1da954efcb30a329c98710e014c05/requests-0.4.1.tar.gz#md5=812ff0ce63d14f7b940bacd880d54ee0 (from https://pypi.python.org/simple/requests/), version: 0.4.1
    Found link https://pypi.python.org/packages/b4/1f/8f5430040fcf4391dc5bd324424a569e2e0d96595952b21eb82403602d98/requests-0.10.6.tar.gz#md5=c889401445de3cbbac98509208a73b83 (from https://pypi.python.org/simple/requests/), version: 0.10.6
    Found link https://pypi.python.org/packages/b4/48/e82ded36a3cee7c0ef9605b44c4615ffe4a37f8b6c8b17fdbc15fae18daa/requests-0.13.7.tar.gz#md5=9212044f915d44fe3010cb923c0e08e5 (from https://pypi.python.org/simple/requests/), version: 0.13.7
    Found link https://pypi.python.org/packages/b4/56/ba2d803383ec32d70f8faa7df5eb37ee9b3fc662ff68b7ab01ad9740b83a/requests-0.10.1.tar.gz#md5=699147d2143bff95238befa58980b912 (from https://pypi.python.org/simple/requests/), version: 0.10.1
    Found link https://pypi.python.org/packages/b6/52/ad2911cf5586f2372a296a93a94d0324e4ffdd225975241562c450594795/requests-0.11.2.tar.gz#md5=5acd23600c897bf1560dca18005b428c (from https://pypi.python.org/simple/requests/), version: 0.11.2
    Found link https://pypi.python.org/packages/b7/1d/5c7973ca22bc95d53eba28a7dab7088f1ded7db0d174ea467afaaf898dfc/requests-0.8.8.tar.gz#md5=bfb182cfd3ed839b97744c553b87f502 (from https://pypi.python.org/simple/requests/), version: 0.8.8
    Found link https://pypi.python.org/packages/b8/03/fb15922d14fa0b01a0ff4e2920bb8c08546d970ff387454ba892a67d5243/requests-1.0.1.tar.gz#md5=2e938f26f2bdf2899862c751bfa7eff5 (from https://pypi.python.org/simple/requests/), version: 1.0.1
    Found link https://pypi.python.org/packages/b8/f7/3bb4d18c234a8ce7044d5ee2e1082b7d72bf6c550afb8d51ae266dea56f1/requests-2.9.1-py2.py3-none-any.whl#md5=58a444aaa02780ad01983f5f540e67b2 (from https://pypi.python.org/simple/requests/), version: 2.9.1
    Found link https://pypi.python.org/packages/ba/bb/dfa0141a32d773c47e4dede1a617c59a23b74dd302e449cf85413fc96bc4/requests-0.2.0.tar.gz#md5=637ae94cb6f2f1d9ea9020293055964a (from https://pypi.python.org/simple/requests/), version: 0.2.0
    Found link https://pypi.python.org/packages/ba/d1/919f6240a37ce5aade82da39809e1f28a5f2899a29a0ca10c381ba70efbb/requests-0.13.5.tar.gz#md5=805fd122b4cfd224e15ff2f5288c5ba0 (from https://pypi.python.org/simple/requests/), version: 0.13.5
    Found link https://pypi.python.org/packages/bf/78/be2b4c440ea767336d8448fe671fe1d78ca499e49d77dac90f92191cca0e/requests-2.0.0-py2.py3-none-any.whl#md5=6af9c16dbddd2fc751ae4f1606d041e8 (from https://pypi.python.org/simple/requests/), version: 2.0.0
    Found link https://pypi.python.org/packages/bf/81/22c8ed95e8088c0a7c022969534c8157930f0bed6ae77e12e86fdc2e855c/requests-2.4.1-py2.py3-none-any.whl#md5=19d5413dc71309e4fb1f8103b8eb99ce (from https://pypi.python.org/simple/requests/), version: 2.4.1
    Found link https://pypi.python.org/packages/bf/b7/c0b5a7fcf561577178ffd65af9af37c412cf6fbb1a2a198b9308b343d63f/requests-2.9.0-py2.py3-none-any.whl#md5=149560afb69fe9e5048d05322eeb8ada (from https://pypi.python.org/simple/requests/), version: 2.9.0
    Found link https://pypi.python.org/packages/c0/0f/a911a44c89ba01b23d8fe3defbdfca1e962de6f11a11da32658902cdc2a4/requests-2.8.1-py2.py3-none-any.whl#md5=46f1d621daa3ab38958a42f51478b1ee (from https://pypi.python.org/simple/requests/), version: 2.8.1
    Found link https://pypi.python.org/packages/c0/44/84a4b7a4e9d5fd1b358dbabd03f17e3dd91ce8881fc3446fbd2fd996be88/requests-1.2.2.tar.gz#md5=1f655ab7f2aa7447a1657ed69786f436 (from https://pypi.python.org/simple/requests/), version: 1.2.2
    Found link https://pypi.python.org/packages/c5/cd/0597f9c040db24ca6d23cc74faa102554cb0a93bdbffb855d7749547921f/requests-0.10.7.tar.gz#md5=a3ac9d431981dcfd592fd0f35c499e4a (from https://pypi.python.org/simple/requests/), version: 0.10.7
    Found link https://pypi.python.org/packages/c8/fb/d14d1c5166a8449d36c9a3b2656706c506a2cf261d37a79d16c18c37b646/requests-2.5.0.tar.gz#md5=b8bf3ddca75e7ecf1b6776da1e6e3385 (from https://pypi.python.org/simple/requests/), version: 2.5.0
    Found link https://pypi.python.org/packages/c9/5a/aa687599abd76de72ae5a554e2e70328fc311d59e0b1e999263fb094baf3/requests-2.2.0.tar.gz#md5=4d2e17221d478ece045e2e81cdb177f5 (from https://pypi.python.org/simple/requests/), version: 2.2.0
    Found link https://pypi.python.org/packages/d1/0c/2dc2996268bc64b531a5a2dc6f4ec04552f3a8a2a86e88aeedcb92987741/requests-2.2.1.tar.gz#md5=ac27081135f58d1a43e4fb38258d6f4e (from https://pypi.python.org/simple/requests/), version: 2.2.1
    Found link https://pypi.python.org/packages/d5/f1/16b57088f11cd5c6c82834bad6475826309cee44edaae860e9f65c084703/requests-0.3.2.tar.gz#md5=bde777f4c5b7bbb09033901c443962b3 (from https://pypi.python.org/simple/requests/), version: 0.3.2
    Found link https://pypi.python.org/packages/d6/f7/1a4c1cae7618ad3d9fe5536ef74f47b2cb1028938e12d6dfe0a9806a8e1b/requests-2.5.2.tar.gz#md5=424e2469202c9bace4e8bf4642d4217a (from https://pypi.python.org/simple/requests/), version: 2.5.2
    Found link https://pypi.python.org/packages/d7/ee/6826f31ae3e0e68606cb9086c3904582b3982bbccc73f34d6dc9912b48ad/requests-0.11.1.tar.gz#md5=c903c32a0e1f04889e693da8e9c71872 (from https://pypi.python.org/simple/requests/), version: 0.11.1
    Found link https://pypi.python.org/packages/db/1e/1f37495384a628887e10ecd61d45dba455ceec4b8b5b463512b4700e5b3d/requests-0.13.8.tar.gz#md5=d01596bd344db94763b2e4dfaa7bc7b9 (from https://pypi.python.org/simple/requests/), version: 0.13.8
    Found link https://pypi.python.org/packages/dc/02/789859c27162bb91ecf6b72ed4ce1af3ed1710255265ad0901c4d4e25666/requests-0.2.4.tar.gz#md5=62dbe8cf12bc1ccd03776e74f59e9ef6 (from https://pypi.python.org/simple/requests/), version: 0.2.4
    Found link https://pypi.python.org/packages/de/f0/8fc024ef4f25ef5690c2121215029f88e1895b60c867c1a39134045b181e/requests-0.7.6.tar.gz#md5=728b21bf3914d69a4ff1012c66d9b6ba (from https://pypi.python.org/simple/requests/), version: 0.7.6
    Found link https://pypi.python.org/packages/df/8d/4b1bb15e8814fefa2cdf8f971a479b459d07f8176094bd59742720f31270/requests-0.6.6.tar.gz#md5=2180dacebc0e30ba730d083739907af6 (from https://pypi.python.org/simple/requests/), version: 0.6.6
    Found link https://pypi.python.org/packages/e1/3f/9235f98536b1393ef8a8e2dbd27273588fc3246000b93b0d763325b2e30c/requests-0.6.3.tar.gz#md5=35a954ae85b358e498fb0e602f1dce9d (from https://pypi.python.org/simple/requests/), version: 0.6.3
    Found link https://pypi.python.org/packages/e4/99/3e33bfe263894278a094c374f87031554406e57fd0b1ad22520357556627/requests-2.9.0.tar.gz#md5=2f46fdceaf4f63e5e3665a8cb50d284f (from https://pypi.python.org/simple/requests/), version: 2.9.0
    Found link https://pypi.python.org/packages/e8/ff/d19b7461d84a5804c5cdc29791305530a2b774fe928b497e74ac9b304c79/requests-1.1.0.tar.gz#md5=a0158815af244c32041a3147ee09abf3 (from https://pypi.python.org/simple/requests/), version: 1.1.0
    Found link https://pypi.python.org/packages/ea/03/92d3278bf8287c5caa07dbd9ea139027d5a3592b0f4d14abf072f890fab2/requests-2.11.1-py2.py3-none-any.whl#md5=b4269c6fb64b9361288620ba028fd385 (from https://pypi.python.org/simple/requests/), version: 2.11.1
    Found link https://pypi.python.org/packages/eb/70/237e11db04807a9409ed39997097118208e7814309d9bc3da7bb98d1fe3d/requests-2.6.0.tar.gz#md5=25287278fa3ea106207461112bb37050 (from https://pypi.python.org/simple/requests/), version: 2.6.0
    Found link https://pypi.python.org/packages/ed/1b/8682a0cfe92f67e30fb9ac7982cb785a1230ca4385dc1353513f5b87b9f4/requests-0.3.4.tar.gz#md5=55152cc2b135bc8989dc4fa279295f8b (from https://pypi.python.org/simple/requests/), version: 0.3.4
    Found link https://pypi.python.org/packages/ef/a0/9863b20b6a87e45cd4353c10277d9674f9ddfd7c28c58e61a339e273a119/requests-2.4.0.tar.gz#md5=99b830d1afe2e5920adbea0fe3120948 (from https://pypi.python.org/simple/requests/), version: 2.4.0
    Found link https://pypi.python.org/packages/f1/64/8a2ba81294381bb90e8fb4b6fa750e0dca3f2d19e8caaeeae5e7bb6b3753/requests-0.3.3.tar.gz#md5=84c762c116617ba4dd03c19e2b61eb53 (from https://pypi.python.org/simple/requests/), version: 0.3.3
    Found link https://pypi.python.org/packages/f4/ff/34a5a2eb91e35280e65585c48304094b61b58f9966de74ab72673c2fde9d/requests-2.4.3.tar.gz#md5=02214b3a179e445545de4b7a98d3dd17 (from https://pypi.python.org/simple/requests/), version: 2.4.3
    Found link https://pypi.python.org/packages/f7/51/7aa1e337862118bee783c0249debd64cb07b8fbdfef154b1e185754b02d5/requests-2.3.0-py2.py3-none-any.whl#md5=f2d850fd48fc10a93aa03d69b87b96b4 (from https://pypi.python.org/simple/requests/), version: 2.3.0
    Found link https://pypi.python.org/packages/f8/17/42ab05005c88e8d301fe0ee9b24e34139422268d0d7b8b11f98107c2a794/requests-0.8.3.tar.gz#md5=93e4cd27ab646fb613a926fede1cc4f5 (from https://pypi.python.org/simple/requests/), version: 0.8.3
    Found link https://pypi.python.org/packages/f8/25/1599a06d261fdd84256829d88f7a415c80a6e249988f9e17ba5016119b6f/requests-2.4.2.tar.gz#md5=a2476d2dd83a0520847f216ce0b5f9d1 (from https://pypi.python.org/simple/requests/), version: 2.4.2
    Found link https://pypi.python.org/packages/f8/90/42d5e0d9b5c4c3629a3d99823bbc3748fb85616f0f7a45e79ba7908d4642/requests-2.11.0-py2.py3-none-any.whl#md5=369b7333bf2f710143a1b6678f2f214c (from https://pypi.python.org/simple/requests/), version: 2.11.0
    Found link https://pypi.python.org/packages/f9/6d/07c44fb1ebe04d069459a189e7dab9e4abfe9432adcd4477367c25332748/requests-2.9.1.tar.gz#md5=0b7f480d19012ec52bab78292efd976d (from https://pypi.python.org/simple/requests/), version: 2.9.1
    Found link https://pypi.python.org/packages/fa/d1/0dd60e1146e79e7b193e7b0189d8c13ef100d55cbfe65e1825ac5f03c397/requests-0.14.2.tar.gz#md5=488508ba3e8270992ad5b3fb54d364ca (from https://pypi.python.org/simple/requests/), version: 0.14.2
    Found link https://pypi.python.org/packages/fc/f8/329450760dddd7e437eef0cd16a8d48582405e72495cf79a77a82e2f0047/requests-0.8.5.tar.gz#md5=5f2975ee9e57f4ea000e5a3f50fc85d1 (from https://pypi.python.org/simple/requests/), version: 0.8.5
  Using version 2.11.1 (newest of versions: 0.2.0, 0.2.1, 0.2.2, 0.2.3, 0.2.4, 0.3.0, 0.3.1, 0.3.2, 0.3.3, 0.3.4, 0.4.0, 0.4.1, 0.5.0, 0.5.1, 0.6.0, 0.6.1, 0.6.2, 0.6.3, 0.6.4, 0.6.5, 0.6.6, 0.7.0, 0.7.1, 0.7.2, 0.7.3, 0.7.4, 0.7.5, 0.7.6, 0.8.0, 0.8.1, 0.8.2, 0.8.3, 0.8.4, 0.8.5, 0.8.6, 0.8.7, 0.8.8, 0.8.9, 0.9.0, 0.9.1, 0.9.2, 0.9.3, 0.10.0, 0.10.1, 0.10.2, 0.10.3, 0.10.4, 0.10.6, 0.10.7, 0.10.8, 0.11.1, 0.11.2, 0.12.0, 0.12.1, 0.13.0, 0.13.1, 0.13.2, 0.13.3, 0.13.4, 0.13.5, 0.13.6, 0.13.7, 0.13.8, 0.13.9, 0.14.0, 0.14.1, 0.14.2, 1.0.0, 1.0.1, 1.0.2, 1.0.3, 1.0.4, 1.1.0, 1.2.0, 1.2.1, 1.2.2, 1.2.3, 2.0.0, 2.0.1, 2.1.0, 2.2.0, 2.2.1, 2.3.0, 2.4.0, 2.4.1, 2.4.2, 2.4.3, 2.5.0, 2.5.1, 2.5.2, 2.5.3, 2.6.0, 2.6.1, 2.6.2, 2.7.0, 2.8.0, 2.8.1, 2.9.0, 2.9.1, 2.9.2, 2.10.0, 2.11.0, 2.11.1)
  Downloading requests-2.11.1-py2.py3-none-any.whl (514kB)
  Downloading from URL https://pypi.python.org/packages/ea/03/92d3278bf8287c5caa07dbd9ea139027d5a3592b0f4d14abf072f890fab2/requests-2.11.1-py2.py3-none-any.whl#md5=b4269c6fb64b9361288620ba028fd385 (from https://pypi.python.org/simple/requests/)
Installing collected packages: requests

Successfully installed requests-2.11.1
Cleaning up...
Requirement already satisfied (use --upgrade to upgrade): django<1.9.0 in ./env/lib/python2.7/site-packages (from -r ./requirements.conf (line 1))
Requirement already satisfied (use --upgrade to upgrade): requests in ./env/lib/python2.7/site-packages (from -r ./requirements.conf (line 2))
Collecting googlemaps (from -r ./requirements.conf (line 3))
  1 location(s) to search for versions of googlemaps:
  * https://pypi.python.org/simple/googlemaps/
  Getting page https://pypi.python.org/simple/googlemaps/
  Analyzing links from page https://pypi.python.org/simple/googlemaps/
    Found link https://pypi.python.org/packages/0a/82/b39ed13d6c887b817ff0d3bfcce3637c3a098cf2b9082d1971c0777d1e49/googlemaps-2.4.1-py2-none-any.whl#md5=723a4a30643bff33d2d6b4cd8466c3c4 (from https://pypi.python.org/simple/googlemaps/), version: 2.4.1
    Found link https://pypi.python.org/packages/0d/22/42c6595fd2faef13bc7aa64cb675a2634f5dc6a142927023dd311a137472/googlemaps-2.4.4.tar.gz#md5=b045975feedf60b1e5300171fd4faa9e (from https://pypi.python.org/simple/googlemaps/), version: 2.4.4
    Found link https://pypi.python.org/packages/1c/18/bc4768d2c3a06313d579bc29566ae2c03b11b69915daad08f4903712c9a3/googlemaps-2.0.tar.gz#md5=f9df65f8d1429421e83ae4ec2c4afd5f (from https://pypi.python.org/simple/googlemaps/), version: 2.0
    Found link https://pypi.python.org/packages/29/ec/b9b4f28924bc8fb29fda9c2a9aef6fb9da4e8162777a3f1479668cfdb03d/googlemaps-2.3.tar.gz#md5=a5290cefaf846701b02913d068aa8413 (from https://pypi.python.org/simple/googlemaps/), version: 2.3
    Found link https://pypi.python.org/packages/2b/a5/852bd8fea380548214e04e7cf171d3bb7dd4ac34358b2e13563c12a437f5/googlemaps-2.4-py2-none-any.whl#md5=5a1508af66c38f98d35cb5f5e7c38586 (from https://pypi.python.org/simple/googlemaps/), version: 2.4
    Found link https://pypi.python.org/packages/34/87/15d1c8ba1565165c6626a863ff264f44fdf85150c29e88796e89def27f4f/googlemaps-2.4.2.tar.gz#md5=16b82f73f81322777f7d2091baebb35f (from https://pypi.python.org/simple/googlemaps/), version: 2.4.2
    Found link https://pypi.python.org/packages/3a/b2/a1dcab465a0fe0e1ca0b0b96501147a70ef2663bef7d3c19482d391ab299/googlemaps-2.2-py2-none-any.whl#md5=c1a3b6529f9d0109ced8c3047a46fba2 (from https://pypi.python.org/simple/googlemaps/), version: 2.2
    Found link https://pypi.python.org/packages/3f/39/600afafbd2367feb517977bc9411ee99f556b83c08440c58e026d684a9d8/googlemaps-1.0.1.tar.gz#md5=457f7a99830cfa44c8e93bd017e51911 (from https://pypi.python.org/simple/googlemaps/), version: 1.0.1
    Found link https://pypi.python.org/packages/44/e4/9b20fa92606864737b1bab188b113ddb59e7070f8c38697d8321a8395e13/googlemaps-2.4.2-py2-none-any.whl#md5=ba829dda37d2a23d76ae2a9ac80e0f30 (from https://pypi.python.org/simple/googlemaps/), version: 2.4.2
    Found link https://pypi.python.org/packages/4b/31/b456af2dbf406f8cdf77b94575eba2177dbaf95324bfd34b5dde37d02ace/googlemaps-2.1.1.tar.gz#md5=53965a0e88be5227116751e06996c067 (from https://pypi.python.org/simple/googlemaps/), version: 2.1.1
    Found link https://pypi.python.org/packages/4c/19/903e49e466183eeec16be5a298b2f348b7d7345e8523c2eee63d498d9f9e/googlemaps-2.4.tar.gz#md5=40fb84702f5e752b0f6058166963f4c4 (from https://pypi.python.org/simple/googlemaps/), version: 2.4
    Found link https://pypi.python.org/packages/5e/a3/b5ac26f61e3b16667f3ed01367585ed998f4d3f2c74c42676c5f744f1ed0/googlemaps-2.1.tar.gz#md5=0f2cd17b5308f7ab9489de94a58b1eca (from https://pypi.python.org/simple/googlemaps/), version: 2.1
    Found link https://pypi.python.org/packages/71/09/cef79eb53581cfe8574b663303093f57dbbbaf9ae12efa7fccb1fc8db6c6/googlemaps-1.0.tar.gz#md5=122a8bf7dda56e01be6a0b4a0aa0b68b (from https://pypi.python.org/simple/googlemaps/), version: 1.0
    Found link https://pypi.python.org/packages/78/38/826c3d4bcec11811da6bbba573964a9065b3436282a46533624484e5d5df/googlemaps-2.2.tar.gz#md5=49301eacec813da541b0c2eff6ef0223 (from https://pypi.python.org/simple/googlemaps/), version: 2.2
    Skipping link https://pypi.python.org/packages/78/4a/1a65271ec41560163b0cf597ea011a78d65c7d7c0e36b04b1df60f56c606/googlemaps-1.0.2.win32.exe#md5=be27299015aa9de55f3ff9db5982847f (from https://pypi.python.org/simple/googlemaps/); unsupported archive format: .exe
    Found link https://pypi.python.org/packages/81/8c/00c51697df31d12f1aa4821be8e71aeabeabd469ed1508a35b80a448fbb5/googlemaps-2.4.4-py2-none-any.whl#md5=47e7749024253999d4a32a3ebbb11f5d (from https://pypi.python.org/simple/googlemaps/), version: 2.4.4
    Found link https://pypi.python.org/packages/8c/1b/9379993574c0a19afb5cbefa1a7b950b6d819a083f87418aa2b5f20d974e/googlemaps-2.4.3.tar.gz#md5=e5eb9cf300b7b62d87b3090e3bd5ce37 (from https://pypi.python.org/simple/googlemaps/), version: 2.4.3
    Found link https://pypi.python.org/packages/a0/de/b8d19fac34a080e9c4db877db33fd5bbc6a98e19c2d9e70bf01c346a8655/googlemaps-1.0.2.tar.gz#md5=90a7a0c876f8325ba5ae632e2fb193d2 (from https://pypi.python.org/simple/googlemaps/), version: 1.0.2
    Found link https://pypi.python.org/packages/af/d1/96e32d4ebd39c3f23aa2f565edf77dc7784dc640b5377c6217816c18583b/googlemaps-2.3-py2-none-any.whl#md5=97b1697727402234c512d8f54394fa5a (from https://pypi.python.org/simple/googlemaps/), version: 2.3
    Found link https://pypi.python.org/packages/ba/be/b550db831eef5c351ab1878433365fd7de087a4082399762aac76c373880/googlemaps-2.4.3-py2-none-any.whl#md5=ce2e147943a6c712013b91aa60dfa738 (from https://pypi.python.org/simple/googlemaps/), version: 2.4.3
    Found link https://pypi.python.org/packages/db/ca/17c5dbfdb439e4af0e9d78012ee565162fa4ebe0774779cef13cc57f58ba/googlemaps-2.1-py2-none-any.whl#md5=396a5a471ae834389dd8078e4ff2e0d6 (from https://pypi.python.org/simple/googlemaps/), version: 2.1
    Skipping link https://pypi.python.org/packages/df/40/00880270e7a1ea2def158b780c65e73bf873c3e6a83d7d5782482bd5bd33/googlemaps-1.0.1.win32.exe#md5=2a5f126e91e4dbe9a6b6b9c5630caf0e (from https://pypi.python.org/simple/googlemaps/); unsupported archive format: .exe
    Found link https://pypi.python.org/packages/df/97/3dc8fdd4f395c688af827668c51df761ef2cd075fca2dc01075fdfc1eae5/googlemaps-2.4.1.tar.gz#md5=05b37866b43a0f869e11299e049f6020 (from https://pypi.python.org/simple/googlemaps/), version: 2.4.1
    Found link https://pypi.python.org/packages/f2/72/f8763ab48a8619b5e98823c700dc275f47299e174dd8f38a8f3261a05b53/googlemaps-2.1.1-py2-none-any.whl#md5=e0d784fac207bdca3c05b209476e645d (from https://pypi.python.org/simple/googlemaps/), version: 2.1.1
  Using version 2.4.4 (newest of versions: 1.0, 1.0.1, 1.0.2, 2.0, 2.1, 2.1.1, 2.2, 2.3, 2.4, 2.4.1, 2.4.2, 2.4.3, 2.4.4)
  Downloading googlemaps-2.4.4-py2-none-any.whl
  Downloading from URL https://pypi.python.org/packages/81/8c/00c51697df31d12f1aa4821be8e71aeabeabd469ed1508a35b80a448fbb5/googlemaps-2.4.4-py2-none-any.whl#md5=47e7749024253999d4a32a3ebbb11f5d (from https://pypi.python.org/simple/googlemaps/)
Installing collected packages: googlemaps

Successfully installed googlemaps-2.4.4
Cleaning up...
